{"duration":"154s","level":"info","message":"Socket connection unregistered","remainingConnections":1,"service":"buildxpert-api","socketId":"D0TtsT-H7GMr_IWlAAEY","timestamp":"2025-11-28 11:33:30","userId":"c86eeb5d-ee04-4bfa-b558-d603cca9fa56"}
{"duration":"154s","level":"info","message":"Socket connection unregistered","remainingConnections":0,"service":"buildxpert-api","socketId":"SVeSwe-9xtzMSnm8AAEZ","timestamp":"2025-11-28 11:33:30","userId":"c86eeb5d-ee04-4bfa-b558-d603cca9fa56"}
{"ipAddress":"192.168.1.33","level":"info","message":"Token blacklisted","reason":"token_refresh","service":"buildxpert-api","timestamp":"2025-11-28 11:34:21","tokenJti":"6102e745-ba53-463b-ab7e-97837c2d2007","userId":"16d90354-d6c6-4c52-9796-3c66d7baa23b"}
{"eventType":"token_refresh","level":"info","message":"Security event logged","service":"buildxpert-api","severity":"info","timestamp":"2025-11-28 11:34:22","userId":"16d90354-d6c6-4c52-9796-3c66d7baa23b"}
{"level":"warn","message":"Slow request detected","method":"POST","path":"/refresh","responseTime":4688,"service":"buildxpert-api","statusCode":200,"timestamp":"2025-11-28 11:34:22"}
{"level":"info","message":"Socket connection registered","service":"buildxpert-api","socketId":"0lGguoc9dbU8lLP8AAEl","timestamp":"2025-11-28 11:34:26","totalConnections":1,"userId":null}
{"level":"info","message":"Socket connection registered","service":"buildxpert-api","socketId":"yS15XbLxg-aFYoT0AAEm","timestamp":"2025-11-28 11:34:26","totalConnections":2,"userId":null}
{"level":"info","message":"Socket connection registered","service":"buildxpert-api","socketId":"3LZoHd-zgUEeKYjcAAEn","timestamp":"2025-11-28 11:34:26","totalConnections":3,"userId":null}
{"level":"info","message":"Socket connection registered","service":"buildxpert-api","socketId":"mbRy1fYEelJCY3j9AAEo","timestamp":"2025-11-28 11:34:26","totalConnections":4,"userId":null}
{"level":"info","message":"Socket connection registered","service":"buildxpert-api","socketId":"FvgcMCw1hBmmguNqAAEp","timestamp":"2025-11-28 11:34:26","totalConnections":5,"userId":null}
{"level":"info","message":"Socket connection registered","service":"buildxpert-api","socketId":"FvgcMCw1hBmmguNqAAEp","timestamp":"2025-11-28 11:34:26","totalConnections":5,"userId":"c86eeb5d-ee04-4bfa-b558-d603cca9fa56"}
{"level":"info","message":"Socket connection registered","service":"buildxpert-api","socketId":"yS15XbLxg-aFYoT0AAEm","timestamp":"2025-11-28 11:34:26","totalConnections":5,"userId":"c86eeb5d-ee04-4bfa-b558-d603cca9fa56"}
{"duration":"3s","level":"info","message":"Socket connection unregistered","remainingConnections":4,"service":"buildxpert-api","socketId":"yS15XbLxg-aFYoT0AAEm","timestamp":"2025-11-28 11:34:30","userId":"c86eeb5d-ee04-4bfa-b558-d603cca9fa56"}
{"duration":"3s","level":"info","message":"Socket connection unregistered","remainingConnections":3,"service":"buildxpert-api","socketId":"0lGguoc9dbU8lLP8AAEl","timestamp":"2025-11-28 11:34:30","userId":null}
{"duration":"3s","level":"info","message":"Socket connection unregistered","remainingConnections":2,"service":"buildxpert-api","socketId":"3LZoHd-zgUEeKYjcAAEn","timestamp":"2025-11-28 11:34:30","userId":null}
{"duration":"3s","level":"info","message":"Socket connection unregistered","remainingConnections":1,"service":"buildxpert-api","socketId":"FvgcMCw1hBmmguNqAAEp","timestamp":"2025-11-28 11:34:30","userId":"c86eeb5d-ee04-4bfa-b558-d603cca9fa56"}
{"duration":"3s","level":"info","message":"Socket connection unregistered","remainingConnections":0,"service":"buildxpert-api","socketId":"mbRy1fYEelJCY3j9AAEo","timestamp":"2025-11-28 11:34:30","userId":null}
{"level":"info","message":"Socket connection registered","service":"buildxpert-api","socketId":"QZTC0yOPN6r0OeaUAAEs","timestamp":"2025-11-28 11:34:40","totalConnections":1,"userId":null}
{"level":"info","message":"Socket connection registered","service":"buildxpert-api","socketId":"2NGuU8BZ1Nr8HLB4AAEt","timestamp":"2025-11-28 11:34:40","totalConnections":2,"userId":null}
{"level":"info","message":"Socket connection registered","service":"buildxpert-api","socketId":"2NGuU8BZ1Nr8HLB4AAEt","timestamp":"2025-11-28 11:34:40","totalConnections":2,"userId":"c86eeb5d-ee04-4bfa-b558-d603cca9fa56"}
{"level":"info","message":"Socket connection registered","service":"buildxpert-api","socketId":"QZTC0yOPN6r0OeaUAAEs","timestamp":"2025-11-28 11:34:40","totalConnections":2,"userId":"c86eeb5d-ee04-4bfa-b558-d603cca9fa56"}
{"level":"info","message":"Socket connection registered","service":"buildxpert-api","socketId":"Ix6S9J-Jo4j2pLvbAAEv","timestamp":"2025-11-28 11:34:40","totalConnections":3,"userId":null}
{"level":"info","message":"Socket connection registered","service":"buildxpert-api","socketId":"Ix6S9J-Jo4j2pLvbAAEv","timestamp":"2025-11-28 11:34:40","totalConnections":3,"userId":"c86eeb5d-ee04-4bfa-b558-d603cca9fa56"}
{"level":"warn","message":"Slow request detected","method":"GET","path":"/","responseTime":2255,"service":"buildxpert-api","statusCode":401,"timestamp":"2025-11-28 11:34:43"}
{"level":"info","message":"Socket connection registered","service":"buildxpert-api","socketId":"924oXDBoSi_OKsC5AAEy","timestamp":"2025-11-28 11:35:07","totalConnections":4,"userId":null}
{"level":"info","message":"Socket connection registered","service":"buildxpert-api","socketId":"BX3s-xALrgSJL3WgAAEz","timestamp":"2025-11-28 11:35:07","totalConnections":5,"userId":null}
{"level":"info","message":"Socket connection registered","service":"buildxpert-api","socketId":"BX3s-xALrgSJL3WgAAEz","timestamp":"2025-11-28 11:35:07","totalConnections":5,"userId":"16d90354-d6c6-4c52-9796-3c66d7baa23b"}
{"level":"info","message":"Socket connection registered","service":"buildxpert-api","socketId":"924oXDBoSi_OKsC5AAEy","timestamp":"2025-11-28 11:35:08","totalConnections":5,"userId":"16d90354-d6c6-4c52-9796-3c66d7baa23b"}
{"duration":"0s","level":"info","message":"Socket connection unregistered","remainingConnections":4,"service":"buildxpert-api","socketId":"BX3s-xALrgSJL3WgAAEz","timestamp":"2025-11-28 11:35:08","userId":"16d90354-d6c6-4c52-9796-3c66d7baa23b"}
{"duration":"0s","level":"info","message":"Socket connection unregistered","remainingConnections":3,"service":"buildxpert-api","socketId":"924oXDBoSi_OKsC5AAEy","timestamp":"2025-11-28 11:35:08","userId":"16d90354-d6c6-4c52-9796-3c66d7baa23b"}
{"level":"warn","message":"Slow request detected","method":"GET","path":"/featured-providers","responseTime":4449,"service":"buildxpert-api","statusCode":200,"timestamp":"2025-11-28 11:35:12"}
{"deviceName":"Unknown on Unknown","ipAddress":"192.168.1.33","level":"info","message":"Session created","service":"buildxpert-api","timestamp":"2025-11-28 11:35:28","userId":"16d90354-d6c6-4c52-9796-3c66d7baa23b"}
{"eventType":"login","level":"info","message":"Security event logged","service":"buildxpert-api","severity":"info","timestamp":"2025-11-28 11:35:29","userId":"16d90354-d6c6-4c52-9796-3c66d7baa23b"}
{"level":"warn","message":"Slow request detected","method":"POST","path":"/login","responseTime":2766,"service":"buildxpert-api","statusCode":200,"timestamp":"2025-11-28 11:35:29"}
{"level":"info","message":"Socket connection registered","service":"buildxpert-api","socketId":"ElpW2QA4n1gZ2NPRAAE2","timestamp":"2025-11-28 11:35:29","totalConnections":4,"userId":null}
{"level":"info","message":"Socket connection registered","service":"buildxpert-api","socketId":"im09mQWwrWw5QtFPAAE3","timestamp":"2025-11-28 11:35:29","totalConnections":5,"userId":null}
{"level":"info","message":"Socket connection registered","service":"buildxpert-api","socketId":"im09mQWwrWw5QtFPAAE3","timestamp":"2025-11-28 11:35:29","totalConnections":5,"userId":"16d90354-d6c6-4c52-9796-3c66d7baa23b"}
{"level":"info","message":"Socket connection registered","service":"buildxpert-api","socketId":"ElpW2QA4n1gZ2NPRAAE2","timestamp":"2025-11-28 11:35:30","totalConnections":5,"userId":"16d90354-d6c6-4c52-9796-3c66d7baa23b"}
{"level":"warn","message":"Slow request detected","method":"GET","path":"/","responseTime":1381,"service":"buildxpert-api","statusCode":304,"timestamp":"2025-11-28 11:35:34","userId":"16d90354-d6c6-4c52-9796-3c66d7baa23b"}
{"level":"warn","message":"Slow request detected","method":"GET","path":"/profile","responseTime":2192,"service":"buildxpert-api","statusCode":401,"timestamp":"2025-11-28 11:36:10"}
{"errorRate":"45.03","level":"warn","message":"🚨 Alert: HIGH_ERROR_RATE","service":"buildxpert-api","severity":"high","threshold":5,"timestamp":"2025-11-28 11:36:48"}
{"level":"warn","message":"🚨 Alert: HIGH_DATABASE_POOL_USAGE","poolUsage":"100.00","service":"buildxpert-api","severity":"high","threshold":80,"timestamp":"2025-11-28 11:37:48"}
{"duration":"209s","level":"info","message":"Socket connection unregistered","remainingConnections":4,"service":"buildxpert-api","socketId":"2NGuU8BZ1Nr8HLB4AAEt","timestamp":"2025-11-28 11:38:09","userId":"c86eeb5d-ee04-4bfa-b558-d603cca9fa56"}
{"duration":"209s","level":"info","message":"Socket connection unregistered","remainingConnections":3,"service":"buildxpert-api","socketId":"QZTC0yOPN6r0OeaUAAEs","timestamp":"2025-11-28 11:38:09","userId":"c86eeb5d-ee04-4bfa-b558-d603cca9fa56"}
{"duration":"159s","level":"info","message":"Socket connection unregistered","remainingConnections":2,"service":"buildxpert-api","socketId":"im09mQWwrWw5QtFPAAE3","timestamp":"2025-11-28 11:38:09","userId":"16d90354-d6c6-4c52-9796-3c66d7baa23b"}
{"duration":"208s","level":"info","message":"Socket connection unregistered","remainingConnections":1,"service":"buildxpert-api","socketId":"Ix6S9J-Jo4j2pLvbAAEv","timestamp":"2025-11-28 11:38:09","userId":"c86eeb5d-ee04-4bfa-b558-d603cca9fa56"}
{"duration":"159s","level":"info","message":"Socket connection unregistered","remainingConnections":0,"service":"buildxpert-api","socketId":"ElpW2QA4n1gZ2NPRAAE2","timestamp":"2025-11-28 11:38:09","userId":"16d90354-d6c6-4c52-9796-3c66d7baa23b"}
{"errorRate":"45.03","level":"warn","message":"🚨 Alert: HIGH_ERROR_RATE","service":"buildxpert-api","severity":"high","threshold":5,"timestamp":"2025-11-28 11:41:48"}
{"errorRate":"45.03","level":"warn","message":"🚨 Alert: HIGH_ERROR_RATE","service":"buildxpert-api","severity":"high","threshold":5,"timestamp":"2025-11-28 11:46:48"}
{"level":"warn","message":"🚨 Alert: HIGH_DATABASE_POOL_USAGE","poolUsage":"100.00","service":"buildxpert-api","severity":"high","threshold":80,"timestamp":"2025-11-28 11:46:48"}
{"level":"info","message":"Socket connection registered","service":"buildxpert-api","socketId":"pPsD7dBbY1LWuj7tAAE7","timestamp":"2025-11-28 11:47:06","totalConnections":1,"userId":null}
{"level":"info","message":"Socket connection registered","service":"buildxpert-api","socketId":"lrfr7MuVfyMETOcNAAE8","timestamp":"2025-11-28 11:47:06","totalConnections":2,"userId":null}
{"level":"info","message":"Socket connection registered","service":"buildxpert-api","socketId":"NXanNmhO0aVp7AqYAAE9","timestamp":"2025-11-28 11:47:06","totalConnections":3,"userId":null}
{"level":"info","message":"Socket connection registered","service":"buildxpert-api","socketId":"pPsD7dBbY1LWuj7tAAE7","timestamp":"2025-11-28 11:47:06","totalConnections":3,"userId":"c86eeb5d-ee04-4bfa-b558-d603cca9fa56"}
{"level":"info","message":"Socket connection registered","service":"buildxpert-api","socketId":"NXanNmhO0aVp7AqYAAE9","timestamp":"2025-11-28 11:47:06","totalConnections":3,"userId":"c86eeb5d-ee04-4bfa-b558-d603cca9fa56"}
{"duration":"3s","level":"info","message":"Socket connection unregistered","remainingConnections":2,"service":"buildxpert-api","socketId":"NXanNmhO0aVp7AqYAAE9","timestamp":"2025-11-28 11:47:09","userId":"c86eeb5d-ee04-4bfa-b558-d603cca9fa56"}
{"duration":"3s","level":"info","message":"Socket connection unregistered","remainingConnections":1,"service":"buildxpert-api","socketId":"lrfr7MuVfyMETOcNAAE8","timestamp":"2025-11-28 11:47:09","userId":null}
{"duration":"3s","level":"info","message":"Socket connection unregistered","remainingConnections":0,"service":"buildxpert-api","socketId":"pPsD7dBbY1LWuj7tAAE7","timestamp":"2025-11-28 11:47:09","userId":"c86eeb5d-ee04-4bfa-b558-d603cca9fa56"}
{"ipAddress":"192.168.1.33","level":"info","message":"Token blacklisted","reason":"token_refresh","service":"buildxpert-api","timestamp":"2025-11-28 11:47:22","tokenJti":"08ded851-6850-489b-813c-6fe02bda2719","userId":"c86eeb5d-ee04-4bfa-b558-d603cca9fa56"}
{"eventType":"token_refresh","level":"info","message":"Security event logged","service":"buildxpert-api","severity":"info","timestamp":"2025-11-28 11:47:23","userId":"c86eeb5d-ee04-4bfa-b558-d603cca9fa56"}
{"level":"warn","message":"Slow request detected","method":"POST","path":"/refresh","responseTime":4016,"service":"buildxpert-api","statusCode":200,"timestamp":"2025-11-28 11:47:23"}
{"level":"info","message":"Socket connection registered","service":"buildxpert-api","socketId":"Txv-0UYv5sC-SZdDAAFA","timestamp":"2025-11-28 11:47:23","totalConnections":1,"userId":null}
{"level":"info","message":"Socket connection registered","service":"buildxpert-api","socketId":"yEkX9j43Q67DkzMkAAFB","timestamp":"2025-11-28 11:47:23","totalConnections":2,"userId":null}
{"level":"info","message":"Socket connection registered","service":"buildxpert-api","socketId":"yEkX9j43Q67DkzMkAAFB","timestamp":"2025-11-28 11:47:23","totalConnections":2,"userId":"c86eeb5d-ee04-4bfa-b558-d603cca9fa56"}
{"level":"info","message":"Socket connection registered","service":"buildxpert-api","socketId":"Txv-0UYv5sC-SZdDAAFA","timestamp":"2025-11-28 11:47:23","totalConnections":2,"userId":"c86eeb5d-ee04-4bfa-b558-d603cca9fa56"}
{"level":"info","message":"Socket connection registered","service":"buildxpert-api","socketId":"QjWSM60FNfIuHMs3AAFD","timestamp":"2025-11-28 11:47:24","totalConnections":3,"userId":null}
{"level":"info","message":"Socket connection registered","service":"buildxpert-api","socketId":"QjWSM60FNfIuHMs3AAFD","timestamp":"2025-11-28 11:47:24","totalConnections":3,"userId":"c86eeb5d-ee04-4bfa-b558-d603cca9fa56"}
{"level":"warn","message":"Slow request detected","method":"GET","path":"/my-registrations","responseTime":2364,"service":"buildxpert-api","statusCode":401,"timestamp":"2025-11-28 11:47:26"}
{"duration":"9s","level":"info","message":"Socket connection unregistered","remainingConnections":2,"service":"buildxpert-api","socketId":"Txv-0UYv5sC-SZdDAAFA","timestamp":"2025-11-28 11:47:33","userId":"c86eeb5d-ee04-4bfa-b558-d603cca9fa56"}
{"duration":"9s","level":"info","message":"Socket connection unregistered","remainingConnections":1,"service":"buildxpert-api","socketId":"QjWSM60FNfIuHMs3AAFD","timestamp":"2025-11-28 11:47:33","userId":"c86eeb5d-ee04-4bfa-b558-d603cca9fa56"}
{"duration":"9s","level":"info","message":"Socket connection unregistered","remainingConnections":0,"service":"buildxpert-api","socketId":"yEkX9j43Q67DkzMkAAFB","timestamp":"2025-11-28 11:47:33","userId":"c86eeb5d-ee04-4bfa-b558-d603cca9fa56"}
{"level":"info","message":"Socket connection registered","service":"buildxpert-api","socketId":"0KIa9o9Zz_5R1PmJAAFG","timestamp":"2025-11-28 11:47:46","totalConnections":1,"userId":null}
{"level":"info","message":"Socket connection registered","service":"buildxpert-api","socketId":"e9aNT3phZMHWpajhAAFH","timestamp":"2025-11-28 11:47:46","totalConnections":2,"userId":null}
{"level":"info","message":"Socket connection registered","service":"buildxpert-api","socketId":"0KIa9o9Zz_5R1PmJAAFG","timestamp":"2025-11-28 11:47:46","totalConnections":2,"userId":"16d90354-d6c6-4c52-9796-3c66d7baa23b"}
{"level":"info","message":"Socket connection registered","service":"buildxpert-api","socketId":"e9aNT3phZMHWpajhAAFH","timestamp":"2025-11-28 11:47:46","totalConnections":2,"userId":"16d90354-d6c6-4c52-9796-3c66d7baa23b"}
{"ipAddress":"192.168.1.33","level":"info","message":"Token blacklisted","reason":"token_refresh","service":"buildxpert-api","timestamp":"2025-11-28 11:47:48","tokenJti":"9662a8d7-6c86-4371-98ba-ec155ad1a326","userId":"16d90354-d6c6-4c52-9796-3c66d7baa23b"}
{"eventType":"token_refresh","level":"info","message":"Security event logged","service":"buildxpert-api","severity":"info","timestamp":"2025-11-28 11:47:49","userId":"16d90354-d6c6-4c52-9796-3c66d7baa23b"}
{"level":"warn","message":"Slow request detected","method":"GET","path":"/featured-providers","responseTime":3523,"service":"buildxpert-api","statusCode":200,"timestamp":"2025-11-28 11:47:51"}
{"duration":"17s","level":"info","message":"Socket connection unregistered","remainingConnections":1,"service":"buildxpert-api","socketId":"e9aNT3phZMHWpajhAAFH","timestamp":"2025-11-28 11:48:03","userId":"16d90354-d6c6-4c52-9796-3c66d7baa23b"}
{"duration":"17s","level":"info","message":"Socket connection unregistered","remainingConnections":0,"service":"buildxpert-api","socketId":"0KIa9o9Zz_5R1PmJAAFG","timestamp":"2025-11-28 11:48:03","userId":"16d90354-d6c6-4c52-9796-3c66d7baa23b"}
{"level":"info","message":"Socket connection registered","service":"buildxpert-api","socketId":"i-H1OcdmR2416LkAAAFK","timestamp":"2025-11-28 11:48:18","totalConnections":1,"userId":null}
{"level":"info","message":"Socket connection registered","service":"buildxpert-api","socketId":"oijXZuqGR7OxVm0jAAFL","timestamp":"2025-11-28 11:48:18","totalConnections":2,"userId":null}
{"level":"info","message":"Socket connection registered","service":"buildxpert-api","socketId":"oijXZuqGR7OxVm0jAAFL","timestamp":"2025-11-28 11:48:18","totalConnections":2,"userId":"c86eeb5d-ee04-4bfa-b558-d603cca9fa56"}
{"level":"info","message":"Socket connection registered","service":"buildxpert-api","socketId":"i-H1OcdmR2416LkAAAFK","timestamp":"2025-11-28 11:48:18","totalConnections":2,"userId":"c86eeb5d-ee04-4bfa-b558-d603cca9fa56"}
{"level":"info","message":"Socket connection registered","service":"buildxpert-api","socketId":"p63TB9el7_toaXMiAAFN","timestamp":"2025-11-28 11:48:18","totalConnections":3,"userId":null}
{"level":"info","message":"Socket connection registered","service":"buildxpert-api","socketId":"p63TB9el7_toaXMiAAFN","timestamp":"2025-11-28 11:48:18","totalConnections":3,"userId":"c86eeb5d-ee04-4bfa-b558-d603cca9fa56"}
{"duration":"6s","level":"info","message":"Socket connection unregistered","remainingConnections":2,"service":"buildxpert-api","socketId":"i-H1OcdmR2416LkAAAFK","timestamp":"2025-11-28 11:48:24","userId":"c86eeb5d-ee04-4bfa-b558-d603cca9fa56"}
{"duration":"5s","level":"info","message":"Socket connection unregistered","remainingConnections":1,"service":"buildxpert-api","socketId":"p63TB9el7_toaXMiAAFN","timestamp":"2025-11-28 11:48:24","userId":"c86eeb5d-ee04-4bfa-b558-d603cca9fa56"}
{"duration":"6s","level":"info","message":"Socket connection unregistered","remainingConnections":0,"service":"buildxpert-api","socketId":"oijXZuqGR7OxVm0jAAFL","timestamp":"2025-11-28 11:48:24","userId":"c86eeb5d-ee04-4bfa-b558-d603cca9fa56"}
{"level":"info","message":"Socket connection registered","service":"buildxpert-api","socketId":"aK06wB-lTaARFDRdAAFQ","timestamp":"2025-11-28 11:49:15","totalConnections":1,"userId":null}
{"level":"info","message":"Socket connection registered","service":"buildxpert-api","socketId":"HsTZ45VIJyAq3wSXAAFR","timestamp":"2025-11-28 11:49:15","totalConnections":2,"userId":null}
{"level":"info","message":"Socket connection registered","service":"buildxpert-api","socketId":"aK06wB-lTaARFDRdAAFQ","timestamp":"2025-11-28 11:49:15","totalConnections":2,"userId":"c86eeb5d-ee04-4bfa-b558-d603cca9fa56"}
{"level":"info","message":"Socket connection registered","service":"buildxpert-api","socketId":"HsTZ45VIJyAq3wSXAAFR","timestamp":"2025-11-28 11:49:15","totalConnections":2,"userId":"c86eeb5d-ee04-4bfa-b558-d603cca9fa56"}
{"level":"info","message":"Socket connection registered","service":"buildxpert-api","socketId":"gKqUa6St2fLwBmeQAAFT","timestamp":"2025-11-28 11:49:15","totalConnections":3,"userId":null}
{"level":"info","message":"Socket connection registered","service":"buildxpert-api","socketId":"gKqUa6St2fLwBmeQAAFT","timestamp":"2025-11-28 11:49:15","totalConnections":3,"userId":"c86eeb5d-ee04-4bfa-b558-d603cca9fa56"}
{"level":"warn","message":"Slow request detected","method":"GET","path":"/my-registrations","responseTime":2187,"service":"buildxpert-api","statusCode":401,"timestamp":"2025-11-28 11:49:17"}
{"duration":"17s","level":"info","message":"Socket connection unregistered","remainingConnections":2,"service":"buildxpert-api","socketId":"HsTZ45VIJyAq3wSXAAFR","timestamp":"2025-11-28 11:49:32","userId":"c86eeb5d-ee04-4bfa-b558-d603cca9fa56"}
{"duration":"16s","level":"info","message":"Socket connection unregistered","remainingConnections":1,"service":"buildxpert-api","socketId":"gKqUa6St2fLwBmeQAAFT","timestamp":"2025-11-28 11:49:32","userId":"c86eeb5d-ee04-4bfa-b558-d603cca9fa56"}
{"duration":"17s","level":"info","message":"Socket connection unregistered","remainingConnections":0,"service":"buildxpert-api","socketId":"aK06wB-lTaARFDRdAAFQ","timestamp":"2025-11-28 11:49:32","userId":"c86eeb5d-ee04-4bfa-b558-d603cca9fa56"}
{"level":"info","message":"Socket connection registered","service":"buildxpert-api","socketId":"GBMZS6_GZlFUmP3NAAFW","timestamp":"2025-11-28 11:49:41","totalConnections":1,"userId":null}
{"level":"info","message":"Socket connection registered","service":"buildxpert-api","socketId":"k73kAqmKEtw5TX2CAAFX","timestamp":"2025-11-28 11:49:41","totalConnections":2,"userId":null}
{"level":"info","message":"Socket connection registered","service":"buildxpert-api","socketId":"GBMZS6_GZlFUmP3NAAFW","timestamp":"2025-11-28 11:49:41","totalConnections":2,"userId":"c86eeb5d-ee04-4bfa-b558-d603cca9fa56"}
{"level":"info","message":"Socket connection registered","service":"buildxpert-api","socketId":"k73kAqmKEtw5TX2CAAFX","timestamp":"2025-11-28 11:49:41","totalConnections":2,"userId":"c86eeb5d-ee04-4bfa-b558-d603cca9fa56"}
{"level":"info","message":"Socket connection registered","service":"buildxpert-api","socketId":"_T0UKb6s_sGwisOJAAFZ","timestamp":"2025-11-28 11:49:42","totalConnections":3,"userId":null}
{"level":"info","message":"Socket connection registered","service":"buildxpert-api","socketId":"_T0UKb6s_sGwisOJAAFZ","timestamp":"2025-11-28 11:49:42","totalConnections":3,"userId":"c86eeb5d-ee04-4bfa-b558-d603cca9fa56"}
{"duration":"9s","level":"info","message":"Socket connection unregistered","remainingConnections":2,"service":"buildxpert-api","socketId":"k73kAqmKEtw5TX2CAAFX","timestamp":"2025-11-28 11:49:51","userId":"c86eeb5d-ee04-4bfa-b558-d603cca9fa56"}
{"duration":"9s","level":"info","message":"Socket connection unregistered","remainingConnections":1,"service":"buildxpert-api","socketId":"_T0UKb6s_sGwisOJAAFZ","timestamp":"2025-11-28 11:49:51","userId":"c86eeb5d-ee04-4bfa-b558-d603cca9fa56"}
{"duration":"9s","level":"info","message":"Socket connection unregistered","remainingConnections":0,"service":"buildxpert-api","socketId":"GBMZS6_GZlFUmP3NAAFW","timestamp":"2025-11-28 11:49:51","userId":"c86eeb5d-ee04-4bfa-b558-d603cca9fa56"}
{"level":"info","message":"Socket connection registered","service":"buildxpert-api","socketId":"ju8lK6IWYfKvwa9xAAFc","timestamp":"2025-11-28 11:50:36","totalConnections":1,"userId":null}
{"level":"info","message":"Socket connection registered","service":"buildxpert-api","socketId":"P8sY5-e0Sjt2mK5sAAFd","timestamp":"2025-11-28 11:50:36","totalConnections":2,"userId":null}
{"level":"info","message":"Socket connection registered","service":"buildxpert-api","socketId":"ju8lK6IWYfKvwa9xAAFc","timestamp":"2025-11-28 11:50:36","totalConnections":2,"userId":"c86eeb5d-ee04-4bfa-b558-d603cca9fa56"}
{"level":"info","message":"Socket connection registered","service":"buildxpert-api","socketId":"P8sY5-e0Sjt2mK5sAAFd","timestamp":"2025-11-28 11:50:36","totalConnections":2,"userId":"c86eeb5d-ee04-4bfa-b558-d603cca9fa56"}
{"level":"info","message":"Socket connection registered","service":"buildxpert-api","socketId":"xasnvSnXl4TOqBgEAAFf","timestamp":"2025-11-28 11:50:36","totalConnections":3,"userId":null}
{"level":"info","message":"Socket connection registered","service":"buildxpert-api","socketId":"xasnvSnXl4TOqBgEAAFf","timestamp":"2025-11-28 11:50:36","totalConnections":3,"userId":"c86eeb5d-ee04-4bfa-b558-d603cca9fa56"}
{"level":"warn","message":"Slow request detected","method":"GET","path":"/unread-count","responseTime":2181,"service":"buildxpert-api","statusCode":401,"timestamp":"2025-11-28 11:50:38"}
{"level":"info","message":"Socket connection registered","service":"buildxpert-api","socketId":"1SMGAhBhBEsfxVfiAAFh","timestamp":"2025-11-28 11:50:38","totalConnections":4,"userId":null}
{"level":"info","message":"Socket connection registered","service":"buildxpert-api","socketId":"1SMGAhBhBEsfxVfiAAFh","timestamp":"2025-11-28 11:50:38","totalConnections":4,"userId":"c86eeb5d-ee04-4bfa-b558-d603cca9fa56"}
{"duration":"6s","level":"info","message":"Socket connection unregistered","remainingConnections":3,"service":"buildxpert-api","socketId":"P8sY5-e0Sjt2mK5sAAFd","timestamp":"2025-11-28 11:50:43","userId":"c86eeb5d-ee04-4bfa-b558-d603cca9fa56"}
{"duration":"6s","level":"info","message":"Socket connection unregistered","remainingConnections":2,"service":"buildxpert-api","socketId":"xasnvSnXl4TOqBgEAAFf","timestamp":"2025-11-28 11:50:43","userId":"c86eeb5d-ee04-4bfa-b558-d603cca9fa56"}
{"duration":"4s","level":"info","message":"Socket connection unregistered","remainingConnections":1,"service":"buildxpert-api","socketId":"1SMGAhBhBEsfxVfiAAFh","timestamp":"2025-11-28 11:50:43","userId":"c86eeb5d-ee04-4bfa-b558-d603cca9fa56"}
{"duration":"7s","level":"info","message":"Socket connection unregistered","remainingConnections":0,"service":"buildxpert-api","socketId":"ju8lK6IWYfKvwa9xAAFc","timestamp":"2025-11-28 11:50:43","userId":"c86eeb5d-ee04-4bfa-b558-d603cca9fa56"}
{"level":"info","message":"Socket connection registered","service":"buildxpert-api","socketId":"36QY2DXKKlPix0cKAAFk","timestamp":"2025-11-28 11:50:49","totalConnections":1,"userId":null}
{"level":"info","message":"Socket connection registered","service":"buildxpert-api","socketId":"0O_ObEzep5Isb0EhAAFl","timestamp":"2025-11-28 11:50:49","totalConnections":2,"userId":null}
{"level":"info","message":"Socket connection registered","service":"buildxpert-api","socketId":"36QY2DXKKlPix0cKAAFk","timestamp":"2025-11-28 11:50:49","totalConnections":2,"userId":"c86eeb5d-ee04-4bfa-b558-d603cca9fa56"}
{"level":"info","message":"Socket connection registered","service":"buildxpert-api","socketId":"0O_ObEzep5Isb0EhAAFl","timestamp":"2025-11-28 11:50:49","totalConnections":2,"userId":"c86eeb5d-ee04-4bfa-b558-d603cca9fa56"}
{"level":"info","message":"Socket connection registered","service":"buildxpert-api","socketId":"QX1EvcLSJmujXEYwAAFn","timestamp":"2025-11-28 11:50:49","totalConnections":3,"userId":null}
{"level":"info","message":"Socket connection registered","service":"buildxpert-api","socketId":"QX1EvcLSJmujXEYwAAFn","timestamp":"2025-11-28 11:50:49","totalConnections":3,"userId":"c86eeb5d-ee04-4bfa-b558-d603cca9fa56"}
{"duration":"1s","level":"info","message":"Socket connection unregistered","remainingConnections":2,"service":"buildxpert-api","socketId":"QX1EvcLSJmujXEYwAAFn","timestamp":"2025-11-28 11:50:50","userId":"c86eeb5d-ee04-4bfa-b558-d603cca9fa56"}
{"duration":"1s","level":"info","message":"Socket connection unregistered","remainingConnections":1,"service":"buildxpert-api","socketId":"0O_ObEzep5Isb0EhAAFl","timestamp":"2025-11-28 11:50:50","userId":"c86eeb5d-ee04-4bfa-b558-d603cca9fa56"}
{"duration":"1s","level":"info","message":"Socket connection unregistered","remainingConnections":0,"service":"buildxpert-api","socketId":"36QY2DXKKlPix0cKAAFk","timestamp":"2025-11-28 11:50:50","userId":"c86eeb5d-ee04-4bfa-b558-d603cca9fa56"}
{"level":"info","message":"Socket connection registered","service":"buildxpert-api","socketId":"Irw1IOJxyrxvM5M6AAFq","timestamp":"2025-11-28 11:50:59","totalConnections":1,"userId":null}
{"level":"info","message":"Socket connection registered","service":"buildxpert-api","socketId":"w9l2SIbChbi-Njs3AAFr","timestamp":"2025-11-28 11:50:59","totalConnections":2,"userId":null}
{"level":"info","message":"Socket connection registered","service":"buildxpert-api","socketId":"w9l2SIbChbi-Njs3AAFr","timestamp":"2025-11-28 11:50:59","totalConnections":2,"userId":"c86eeb5d-ee04-4bfa-b558-d603cca9fa56"}
{"level":"info","message":"Socket connection registered","service":"buildxpert-api","socketId":"Irw1IOJxyrxvM5M6AAFq","timestamp":"2025-11-28 11:50:59","totalConnections":2,"userId":"c86eeb5d-ee04-4bfa-b558-d603cca9fa56"}
{"level":"info","message":"Socket connection registered","service":"buildxpert-api","socketId":"qU4O4PABwmnJ6aH6AAFt","timestamp":"2025-11-28 11:50:59","totalConnections":3,"userId":null}
{"level":"info","message":"Socket connection registered","service":"buildxpert-api","socketId":"qU4O4PABwmnJ6aH6AAFt","timestamp":"2025-11-28 11:50:59","totalConnections":3,"userId":"c86eeb5d-ee04-4bfa-b558-d603cca9fa56"}
{"errorRate":"48.65","level":"warn","message":"🚨 Alert: HIGH_ERROR_RATE","service":"buildxpert-api","severity":"high","threshold":5,"timestamp":"2025-11-28 11:51:48"}
{"duration":"52s","level":"info","message":"Socket connection unregistered","remainingConnections":2,"service":"buildxpert-api","socketId":"Irw1IOJxyrxvM5M6AAFq","timestamp":"2025-11-28 11:51:52","userId":"c86eeb5d-ee04-4bfa-b558-d603cca9fa56"}
{"duration":"52s","level":"info","message":"Socket connection unregistered","remainingConnections":1,"service":"buildxpert-api","socketId":"qU4O4PABwmnJ6aH6AAFt","timestamp":"2025-11-28 11:51:52","userId":"c86eeb5d-ee04-4bfa-b558-d603cca9fa56"}
{"duration":"52s","level":"info","message":"Socket connection unregistered","remainingConnections":0,"service":"buildxpert-api","socketId":"w9l2SIbChbi-Njs3AAFr","timestamp":"2025-11-28 11:51:52","userId":"c86eeb5d-ee04-4bfa-b558-d603cca9fa56"}
{"level":"info","message":"Socket connection registered","service":"buildxpert-api","socketId":"RyEfPUP8keImVqB5AAFw","timestamp":"2025-11-28 11:52:01","totalConnections":1,"userId":null}
{"level":"info","message":"Socket connection registered","service":"buildxpert-api","socketId":"9Qe0Z-EeoSEvoCvQAAFx","timestamp":"2025-11-28 11:52:01","totalConnections":2,"userId":null}
{"level":"info","message":"Socket connection registered","service":"buildxpert-api","socketId":"RyEfPUP8keImVqB5AAFw","timestamp":"2025-11-28 11:52:01","totalConnections":2,"userId":"c86eeb5d-ee04-4bfa-b558-d603cca9fa56"}
{"level":"info","message":"Socket connection registered","service":"buildxpert-api","socketId":"9Qe0Z-EeoSEvoCvQAAFx","timestamp":"2025-11-28 11:52:01","totalConnections":2,"userId":"c86eeb5d-ee04-4bfa-b558-d603cca9fa56"}
{"level":"info","message":"Socket connection registered","service":"buildxpert-api","socketId":"h7h2HoShucTxqp4fAAFz","timestamp":"2025-11-28 11:52:01","totalConnections":3,"userId":null}
{"level":"info","message":"Socket connection registered","service":"buildxpert-api","socketId":"h7h2HoShucTxqp4fAAFz","timestamp":"2025-11-28 11:52:01","totalConnections":3,"userId":"c86eeb5d-ee04-4bfa-b558-d603cca9fa56"}
{"level":"warn","message":"Slow request detected","method":"GET","path":"/","responseTime":2189,"service":"buildxpert-api","statusCode":401,"timestamp":"2025-11-28 11:52:03"}
{"level":"info","message":"Socket connection registered","service":"buildxpert-api","socketId":"YP7zbRdBTH4R7KriAAF1","timestamp":"2025-11-28 11:52:08","totalConnections":4,"userId":null}
{"level":"info","message":"Socket connection registered","service":"buildxpert-api","socketId":"YP7zbRdBTH4R7KriAAF1","timestamp":"2025-11-28 11:52:08","totalConnections":4,"userId":"c86eeb5d-ee04-4bfa-b558-d603cca9fa56"}
{"level":"info","message":"Socket connection registered","service":"buildxpert-api","socketId":"um_qvE8aEiyBvdCtAAF3","timestamp":"2025-11-28 11:53:27","totalConnections":5,"userId":null}
{"level":"info","message":"Socket connection registered","service":"buildxpert-api","socketId":"um_qvE8aEiyBvdCtAAF3","timestamp":"2025-11-28 11:53:27","totalConnections":5,"userId":"c86eeb5d-ee04-4bfa-b558-d603cca9fa56"}
{"level":"info","message":"Socket connection registered","service":"buildxpert-api","socketId":"G6X1-YrLIhqTgsnpAAF6","timestamp":"2025-11-28 11:54:30","totalConnections":6,"userId":null}
{"level":"info","message":"Socket connection registered","service":"buildxpert-api","socketId":"zsxwyF-WUzUVBlxzAAF7","timestamp":"2025-11-28 11:54:30","totalConnections":7,"userId":null}
{"level":"info","message":"Socket connection registered","service":"buildxpert-api","socketId":"zsxwyF-WUzUVBlxzAAF7","timestamp":"2025-11-28 11:54:30","totalConnections":7,"userId":"16d90354-d6c6-4c52-9796-3c66d7baa23b"}
{"level":"info","message":"Socket connection registered","service":"buildxpert-api","socketId":"G6X1-YrLIhqTgsnpAAF6","timestamp":"2025-11-28 11:54:30","totalConnections":7,"userId":"16d90354-d6c6-4c52-9796-3c66d7baa23b"}
{"duration":"21s","level":"info","message":"Socket connection unregistered","remainingConnections":6,"service":"buildxpert-api","socketId":"G6X1-YrLIhqTgsnpAAF6","timestamp":"2025-11-28 11:54:51","userId":"16d90354-d6c6-4c52-9796-3c66d7baa23b"}
{"duration":"21s","level":"info","message":"Socket connection unregistered","remainingConnections":5,"service":"buildxpert-api","socketId":"zsxwyF-WUzUVBlxzAAF7","timestamp":"2025-11-28 11:54:51","userId":"16d90354-d6c6-4c52-9796-3c66d7baa23b"}
{"level":"info","message":"Socket connection registered","service":"buildxpert-api","socketId":"BI9CWog2_LH6KmsKAAF-","timestamp":"2025-11-28 11:55:01","totalConnections":6,"userId":null}
{"level":"info","message":"Socket connection registered","service":"buildxpert-api","socketId":"AAHuK8_CNv98CzDQAAF_","timestamp":"2025-11-28 11:55:01","totalConnections":7,"userId":null}
{"level":"info","message":"Socket connection registered","service":"buildxpert-api","socketId":"BI9CWog2_LH6KmsKAAF-","timestamp":"2025-11-28 11:55:01","totalConnections":7,"userId":"16d90354-d6c6-4c52-9796-3c66d7baa23b"}
{"level":"info","message":"Socket connection registered","service":"buildxpert-api","socketId":"AAHuK8_CNv98CzDQAAF_","timestamp":"2025-11-28 11:55:01","totalConnections":7,"userId":"16d90354-d6c6-4c52-9796-3c66d7baa23b"}
{"duration":"0s","level":"info","message":"Socket connection unregistered","remainingConnections":6,"service":"buildxpert-api","socketId":"BI9CWog2_LH6KmsKAAF-","timestamp":"2025-11-28 11:55:02","userId":"16d90354-d6c6-4c52-9796-3c66d7baa23b"}
{"duration":"0s","level":"info","message":"Socket connection unregistered","remainingConnections":5,"service":"buildxpert-api","socketId":"AAHuK8_CNv98CzDQAAF_","timestamp":"2025-11-28 11:55:02","userId":"16d90354-d6c6-4c52-9796-3c66d7baa23b"}
{"level":"warn","message":"Slow request detected","method":"GET","path":"/","responseTime":2230,"service":"buildxpert-api","statusCode":401,"timestamp":"2025-11-28 11:55:03"}
{"level":"warn","message":"Slow request detected","method":"GET","path":"/services","responseTime":2208,"service":"buildxpert-api","statusCode":304,"timestamp":"2025-11-28 11:55:04"}
{"level":"warn","message":"Slow request detected","method":"GET","path":"/featured-providers","responseTime":7306,"service":"buildxpert-api","statusCode":200,"timestamp":"2025-11-28 11:55:09"}
{"deviceName":"Unknown on Unknown","ipAddress":"192.168.1.33","level":"info","message":"Session created","service":"buildxpert-api","timestamp":"2025-11-28 11:55:16","userId":"16d90354-d6c6-4c52-9796-3c66d7baa23b"}
{"eventType":"login","level":"info","message":"Security event logged","service":"buildxpert-api","severity":"info","timestamp":"2025-11-28 11:55:16","userId":"16d90354-d6c6-4c52-9796-3c66d7baa23b"}
{"level":"warn","message":"Slow request detected","method":"POST","path":"/login","responseTime":3171,"service":"buildxpert-api","statusCode":200,"timestamp":"2025-11-28 11:55:16"}
{"level":"info","message":"Socket connection registered","service":"buildxpert-api","socketId":"bZtPLS00LrVABaLjAAGC","timestamp":"2025-11-28 11:55:17","totalConnections":6,"userId":null}
{"level":"info","message":"Socket connection registered","service":"buildxpert-api","socketId":"z9TcjA_8Ie8hz8oVAAGD","timestamp":"2025-11-28 11:55:17","totalConnections":7,"userId":null}
{"level":"info","message":"Socket connection registered","service":"buildxpert-api","socketId":"z9TcjA_8Ie8hz8oVAAGD","timestamp":"2025-11-28 11:55:17","totalConnections":7,"userId":"16d90354-d6c6-4c52-9796-3c66d7baa23b"}
{"level":"info","message":"Socket connection registered","service":"buildxpert-api","socketId":"bZtPLS00LrVABaLjAAGC","timestamp":"2025-11-28 11:55:18","totalConnections":7,"userId":"16d90354-d6c6-4c52-9796-3c66d7baa23b"}
{"duration":"204s","level":"info","message":"Socket connection unregistered","remainingConnections":6,"service":"buildxpert-api","socketId":"RyEfPUP8keImVqB5AAFw","timestamp":"2025-11-28 11:55:26","userId":"c86eeb5d-ee04-4bfa-b558-d603cca9fa56"}
{"duration":"118s","level":"info","message":"Socket connection unregistered","remainingConnections":5,"service":"buildxpert-api","socketId":"um_qvE8aEiyBvdCtAAF3","timestamp":"2025-11-28 11:55:26","userId":"c86eeb5d-ee04-4bfa-b558-d603cca9fa56"}
{"duration":"197s","level":"info","message":"Socket connection unregistered","remainingConnections":4,"service":"buildxpert-api","socketId":"YP7zbRdBTH4R7KriAAF1","timestamp":"2025-11-28 11:55:26","userId":"c86eeb5d-ee04-4bfa-b558-d603cca9fa56"}
{"duration":"8s","level":"info","message":"Socket connection unregistered","remainingConnections":3,"service":"buildxpert-api","socketId":"bZtPLS00LrVABaLjAAGC","timestamp":"2025-11-28 11:55:26","userId":"16d90354-d6c6-4c52-9796-3c66d7baa23b"}
{"duration":"8s","level":"info","message":"Socket connection unregistered","remainingConnections":2,"service":"buildxpert-api","socketId":"z9TcjA_8Ie8hz8oVAAGD","timestamp":"2025-11-28 11:55:26","userId":"16d90354-d6c6-4c52-9796-3c66d7baa23b"}
{"duration":"204s","level":"info","message":"Socket connection unregistered","remainingConnections":1,"service":"buildxpert-api","socketId":"9Qe0Z-EeoSEvoCvQAAFx","timestamp":"2025-11-28 11:55:26","userId":"c86eeb5d-ee04-4bfa-b558-d603cca9fa56"}
{"duration":"204s","level":"info","message":"Socket connection unregistered","remainingConnections":0,"service":"buildxpert-api","socketId":"h7h2HoShucTxqp4fAAFz","timestamp":"2025-11-28 11:55:26","userId":"c86eeb5d-ee04-4bfa-b558-d603cca9fa56"}
{"level":"info","message":"Socket connection registered","service":"buildxpert-api","socketId":"_IXrehm0IGbkaVW6AAGG","timestamp":"2025-11-28 11:56:08","totalConnections":1,"userId":null}
{"level":"info","message":"Socket connection registered","service":"buildxpert-api","socketId":"tO-naoJqR8ArH1iVAAGH","timestamp":"2025-11-28 11:56:08","totalConnections":2,"userId":null}
{"level":"info","message":"Socket connection registered","service":"buildxpert-api","socketId":"_IXrehm0IGbkaVW6AAGG","timestamp":"2025-11-28 11:56:08","totalConnections":2,"userId":"16d90354-d6c6-4c52-9796-3c66d7baa23b"}
{"level":"info","message":"Socket connection registered","service":"buildxpert-api","socketId":"tO-naoJqR8ArH1iVAAGH","timestamp":"2025-11-28 11:56:08","totalConnections":2,"userId":"16d90354-d6c6-4c52-9796-3c66d7baa23b"}
{"level":"warn","message":"Slow request detected","method":"GET","path":"/profile","responseTime":2733,"service":"buildxpert-api","statusCode":304,"timestamp":"2025-11-28 11:56:14","userId":"16d90354-d6c6-4c52-9796-3c66d7baa23b"}
{"errorRate":"51.31","level":"warn","message":"🚨 Alert: HIGH_ERROR_RATE","service":"buildxpert-api","severity":"high","threshold":5,"timestamp":"2025-11-28 11:56:48"}
{"level":"info","message":"Socket connection registered","service":"buildxpert-api","socketId":"qlF_B5MgPhYeZA2DAAGJ","timestamp":"2025-11-28 11:57:38","totalConnections":3,"userId":null}
{"level":"info","message":"Socket connection registered","service":"buildxpert-api","socketId":"qlF_B5MgPhYeZA2DAAGJ","timestamp":"2025-11-28 11:57:38","totalConnections":3,"userId":"16d90354-d6c6-4c52-9796-3c66d7baa23b"}
{"level":"warn","message":"Slow request detected","method":"GET","path":"/","responseTime":3021,"service":"buildxpert-api","statusCode":304,"timestamp":"2025-11-28 11:57:41","userId":"16d90354-d6c6-4c52-9796-3c66d7baa23b"}
{"level":"warn","message":"🚨 Alert: HIGH_DATABASE_POOL_USAGE","poolUsage":"100.00","service":"buildxpert-api","severity":"high","threshold":80,"timestamp":"2025-11-28 11:57:48"}
{"duration":"261s","level":"info","message":"Socket connection unregistered","remainingConnections":2,"service":"buildxpert-api","socketId":"_IXrehm0IGbkaVW6AAGG","timestamp":"2025-11-28 12:00:30","userId":"16d90354-d6c6-4c52-9796-3c66d7baa23b"}
{"level":"info","message":"Socket connection registered","service":"buildxpert-api","socketId":"npYknUCAP3gEyDddAAGL","timestamp":"2025-11-28 12:00:30","totalConnections":3,"userId":null}
{"level":"info","message":"Socket connection registered","service":"buildxpert-api","socketId":"npYknUCAP3gEyDddAAGL","timestamp":"2025-11-28 12:00:30","totalConnections":3,"userId":"16d90354-d6c6-4c52-9796-3c66d7baa23b"}
{"duration":"4s","level":"info","message":"Socket connection unregistered","remainingConnections":2,"service":"buildxpert-api","socketId":"npYknUCAP3gEyDddAAGL","timestamp":"2025-11-28 12:00:34","userId":"16d90354-d6c6-4c52-9796-3c66d7baa23b"}
{"level":"info","message":"Socket connection registered","service":"buildxpert-api","socketId":"iRBrPZ5VQ2TQNS2tAAGN","timestamp":"2025-11-28 12:00:34","totalConnections":3,"userId":null}
{"level":"info","message":"Socket connection registered","service":"buildxpert-api","socketId":"iRBrPZ5VQ2TQNS2tAAGN","timestamp":"2025-11-28 12:00:34","totalConnections":3,"userId":"16d90354-d6c6-4c52-9796-3c66d7baa23b"}
{"duration":"271s","level":"info","message":"Socket connection unregistered","remainingConnections":2,"service":"buildxpert-api","socketId":"tO-naoJqR8ArH1iVAAGH","timestamp":"2025-11-28 12:00:39","userId":"16d90354-d6c6-4c52-9796-3c66d7baa23b"}
{"duration":"181s","level":"info","message":"Socket connection unregistered","remainingConnections":1,"service":"buildxpert-api","socketId":"qlF_B5MgPhYeZA2DAAGJ","timestamp":"2025-11-28 12:00:39","userId":"16d90354-d6c6-4c52-9796-3c66d7baa23b"}
{"duration":"5s","level":"info","message":"Socket connection unregistered","remainingConnections":0,"service":"buildxpert-api","socketId":"iRBrPZ5VQ2TQNS2tAAGN","timestamp":"2025-11-28 12:00:39","userId":"16d90354-d6c6-4c52-9796-3c66d7baa23b"}
{"level":"info","message":"Socket connection registered","service":"buildxpert-api","socketId":"YD8G4rS3iXRYJ5aqAAGQ","timestamp":"2025-11-28 12:00:49","totalConnections":1,"userId":null}
{"level":"info","message":"Socket connection registered","service":"buildxpert-api","socketId":"oq51Ut3J4sTyNOrzAAGR","timestamp":"2025-11-28 12:00:49","totalConnections":2,"userId":null}
{"level":"info","message":"Socket connection registered","service":"buildxpert-api","socketId":"oq51Ut3J4sTyNOrzAAGR","timestamp":"2025-11-28 12:00:49","totalConnections":2,"userId":"16d90354-d6c6-4c52-9796-3c66d7baa23b"}
{"level":"info","message":"Socket connection registered","service":"buildxpert-api","socketId":"YD8G4rS3iXRYJ5aqAAGQ","timestamp":"2025-11-28 12:00:49","totalConnections":2,"userId":"16d90354-d6c6-4c52-9796-3c66d7baa23b"}
{"level":"warn","message":"Slow request detected","method":"GET","path":"/","responseTime":2987,"service":"buildxpert-api","statusCode":304,"timestamp":"2025-11-28 12:00:53","userId":"16d90354-d6c6-4c52-9796-3c66d7baa23b"}
{"level":"warn","message":"Slow request detected","method":"GET","path":"/featured-providers","responseTime":6241,"service":"buildxpert-api","statusCode":200,"timestamp":"2025-11-28 12:00:56"}
{"level":"info","message":"Socket connection registered","service":"buildxpert-api","socketId":"3EX192Vl4IWIk4N-AAGT","timestamp":"2025-11-28 12:01:16","totalConnections":3,"userId":null}
{"level":"info","message":"Socket connection registered","service":"buildxpert-api","socketId":"3EX192Vl4IWIk4N-AAGT","timestamp":"2025-11-28 12:01:16","totalConnections":3,"userId":"16d90354-d6c6-4c52-9796-3c66d7baa23b"}
{"duration":"39s","level":"info","message":"Socket connection unregistered","remainingConnections":2,"service":"buildxpert-api","socketId":"oq51Ut3J4sTyNOrzAAGR","timestamp":"2025-11-28 12:01:28","userId":"16d90354-d6c6-4c52-9796-3c66d7baa23b"}
{"level":"info","message":"Socket connection registered","service":"buildxpert-api","socketId":"XjQwxvfBZaUPHSRBAAGV","timestamp":"2025-11-28 12:01:28","totalConnections":3,"userId":null}
{"level":"info","message":"Socket connection registered","service":"buildxpert-api","socketId":"XjQwxvfBZaUPHSRBAAGV","timestamp":"2025-11-28 12:01:28","totalConnections":3,"userId":"16d90354-d6c6-4c52-9796-3c66d7baa23b"}
{"level":"info","message":"Socket connection registered","service":"buildxpert-api","socketId":"HArMpAR93gNlnb0MAAGb","timestamp":"2025-11-28 12:01:33","totalConnections":4,"userId":null}
{"level":"info","message":"Socket connection registered","service":"buildxpert-api","socketId":"KOD1RuabXVSlH3KgAAGc","timestamp":"2025-11-28 12:01:33","totalConnections":5,"userId":null}
{"level":"info","message":"Socket connection registered","service":"buildxpert-api","socketId":"Zjht5Q7HATC50IwwAAGd","timestamp":"2025-11-28 12:01:33","totalConnections":6,"userId":null}
{"level":"info","message":"Socket connection registered","service":"buildxpert-api","socketId":"8asqqZmpBluLMt7nAAGe","timestamp":"2025-11-28 12:01:33","totalConnections":7,"userId":null}
{"level":"info","message":"Socket connection registered","service":"buildxpert-api","socketId":"VwNxsaknMm7Y4_eEAAGf","timestamp":"2025-11-28 12:01:33","totalConnections":8,"userId":null}
{"level":"info","message":"Socket connection registered","service":"buildxpert-api","socketId":"Zjht5Q7HATC50IwwAAGd","timestamp":"2025-11-28 12:01:33","totalConnections":8,"userId":"c86eeb5d-ee04-4bfa-b558-d603cca9fa56"}
{"level":"info","message":"Socket connection registered","service":"buildxpert-api","socketId":"VwNxsaknMm7Y4_eEAAGf","timestamp":"2025-11-28 12:01:33","totalConnections":8,"userId":"c86eeb5d-ee04-4bfa-b558-d603cca9fa56"}
{"ipAddress":"192.168.1.33","level":"info","message":"Token blacklisted","reason":"token_refresh","service":"buildxpert-api","timestamp":"2025-11-28 12:01:37","tokenJti":"a8da0e51-55f6-4091-a0d5-d774f55f2a83","userId":"c86eeb5d-ee04-4bfa-b558-d603cca9fa56"}
{"eventType":"token_refresh","level":"info","message":"Security event logged","service":"buildxpert-api","severity":"info","timestamp":"2025-11-28 12:01:38","userId":"c86eeb5d-ee04-4bfa-b558-d603cca9fa56"}
{"level":"warn","message":"Slow request detected","method":"POST","path":"/refresh","responseTime":2413,"service":"buildxpert-api","statusCode":200,"timestamp":"2025-11-28 12:01:38"}
{"errorRate":"50.71","level":"warn","message":"🚨 Alert: HIGH_ERROR_RATE","service":"buildxpert-api","severity":"high","threshold":5,"timestamp":"2025-11-28 12:01:48"}
{"duration":"39s","level":"info","message":"Socket connection unregistered","remainingConnections":7,"service":"buildxpert-api","socketId":"XjQwxvfBZaUPHSRBAAGV","timestamp":"2025-11-28 12:02:08","userId":"16d90354-d6c6-4c52-9796-3c66d7baa23b"}
{"duration":"34s","level":"info","message":"Socket connection unregistered","remainingConnections":6,"service":"buildxpert-api","socketId":"VwNxsaknMm7Y4_eEAAGf","timestamp":"2025-11-28 12:02:08","userId":"c86eeb5d-ee04-4bfa-b558-d603cca9fa56"}
{"duration":"35s","level":"info","message":"Socket connection unregistered","remainingConnections":5,"service":"buildxpert-api","socketId":"HArMpAR93gNlnb0MAAGb","timestamp":"2025-11-28 12:02:08","userId":null}
{"duration":"35s","level":"info","message":"Socket connection unregistered","remainingConnections":4,"service":"buildxpert-api","socketId":"KOD1RuabXVSlH3KgAAGc","timestamp":"2025-11-28 12:02:08","userId":null}
{"duration":"35s","level":"info","message":"Socket connection unregistered","remainingConnections":3,"service":"buildxpert-api","socketId":"Zjht5Q7HATC50IwwAAGd","timestamp":"2025-11-28 12:02:08","userId":"c86eeb5d-ee04-4bfa-b558-d603cca9fa56"}
{"duration":"79s","level":"info","message":"Socket connection unregistered","remainingConnections":2,"service":"buildxpert-api","socketId":"YD8G4rS3iXRYJ5aqAAGQ","timestamp":"2025-11-28 12:02:08","userId":"16d90354-d6c6-4c52-9796-3c66d7baa23b"}
{"duration":"51s","level":"info","message":"Socket connection unregistered","remainingConnections":1,"service":"buildxpert-api","socketId":"3EX192Vl4IWIk4N-AAGT","timestamp":"2025-11-28 12:02:08","userId":"16d90354-d6c6-4c52-9796-3c66d7baa23b"}
{"duration":"35s","level":"info","message":"Socket connection unregistered","remainingConnections":0,"service":"buildxpert-api","socketId":"8asqqZmpBluLMt7nAAGe","timestamp":"2025-11-28 12:02:08","userId":null}
{"level":"info","message":"Socket connection registered","service":"buildxpert-api","socketId":"dB5wIVmXBFxpD3_kAAGl","timestamp":"2025-11-28 12:03:54","totalConnections":1,"userId":null}
{"level":"info","message":"Socket connection registered","service":"buildxpert-api","socketId":"wtZ3dQdmrwfViRiSAAGm","timestamp":"2025-11-28 12:03:54","totalConnections":2,"userId":null}
{"level":"info","message":"Socket connection registered","service":"buildxpert-api","socketId":"5sCPolM07wM6RitYAAGn","timestamp":"2025-11-28 12:03:54","totalConnections":3,"userId":null}
{"level":"info","message":"Socket connection registered","service":"buildxpert-api","socketId":"SI_OMOQufIDC8da-AAGo","timestamp":"2025-11-28 12:03:54","totalConnections":4,"userId":null}
{"level":"info","message":"Socket connection registered","service":"buildxpert-api","socketId":"P6xTu4Ou0PZ4-fhNAAGp","timestamp":"2025-11-28 12:03:54","totalConnections":5,"userId":null}
{"level":"info","message":"Socket connection registered","service":"buildxpert-api","socketId":"wtZ3dQdmrwfViRiSAAGm","timestamp":"2025-11-28 12:03:54","totalConnections":5,"userId":"c86eeb5d-ee04-4bfa-b558-d603cca9fa56"}
{"level":"info","message":"Socket connection registered","service":"buildxpert-api","socketId":"dB5wIVmXBFxpD3_kAAGl","timestamp":"2025-11-28 12:03:54","totalConnections":5,"userId":"c86eeb5d-ee04-4bfa-b558-d603cca9fa56"}
{"duration":"88s","level":"info","message":"Socket connection unregistered","remainingConnections":4,"service":"buildxpert-api","socketId":"dB5wIVmXBFxpD3_kAAGl","timestamp":"2025-11-28 12:05:23","userId":"c86eeb5d-ee04-4bfa-b558-d603cca9fa56"}
{"duration":"88s","level":"info","message":"Socket connection unregistered","remainingConnections":3,"service":"buildxpert-api","socketId":"5sCPolM07wM6RitYAAGn","timestamp":"2025-11-28 12:05:23","userId":null}
{"duration":"88s","level":"info","message":"Socket connection unregistered","remainingConnections":2,"service":"buildxpert-api","socketId":"P6xTu4Ou0PZ4-fhNAAGp","timestamp":"2025-11-28 12:05:23","userId":null}
{"duration":"88s","level":"info","message":"Socket connection unregistered","remainingConnections":1,"service":"buildxpert-api","socketId":"SI_OMOQufIDC8da-AAGo","timestamp":"2025-11-28 12:05:23","userId":null}
{"duration":"88s","level":"info","message":"Socket connection unregistered","remainingConnections":0,"service":"buildxpert-api","socketId":"wtZ3dQdmrwfViRiSAAGm","timestamp":"2025-11-28 12:05:23","userId":"c86eeb5d-ee04-4bfa-b558-d603cca9fa56"}
{"level":"info","message":"Socket connection registered","service":"buildxpert-api","socketId":"Yv6eSPQB9upeWQZ7AAGs","timestamp":"2025-11-28 12:05:31","totalConnections":1,"userId":null}
{"level":"info","message":"Socket connection registered","service":"buildxpert-api","socketId":"wA2E90iBCZy7R0J9AAGt","timestamp":"2025-11-28 12:05:31","totalConnections":2,"userId":null}
{"level":"info","message":"Socket connection registered","service":"buildxpert-api","socketId":"Yv6eSPQB9upeWQZ7AAGs","timestamp":"2025-11-28 12:05:31","totalConnections":2,"userId":"c86eeb5d-ee04-4bfa-b558-d603cca9fa56"}
{"level":"info","message":"Socket connection registered","service":"buildxpert-api","socketId":"wA2E90iBCZy7R0J9AAGt","timestamp":"2025-11-28 12:05:31","totalConnections":2,"userId":"c86eeb5d-ee04-4bfa-b558-d603cca9fa56"}
{"level":"info","message":"Socket connection registered","service":"buildxpert-api","socketId":"0TBiiB5W-Yd7oY3cAAGv","timestamp":"2025-11-28 12:05:32","totalConnections":3,"userId":null}
{"level":"info","message":"Socket connection registered","service":"buildxpert-api","socketId":"0TBiiB5W-Yd7oY3cAAGv","timestamp":"2025-11-28 12:05:32","totalConnections":3,"userId":"c86eeb5d-ee04-4bfa-b558-d603cca9fa56"}
{"level":"warn","message":"Slow request detected","method":"GET","path":"/","responseTime":2188,"service":"buildxpert-api","statusCode":401,"timestamp":"2025-11-28 12:05:34"}
{"level":"info","message":"Socket connection registered","service":"buildxpert-api","socketId":"sQf33SI6SJhYFsjtAAGx","timestamp":"2025-11-28 12:05:35","totalConnections":4,"userId":null}
{"level":"info","message":"Socket connection registered","service":"buildxpert-api","socketId":"sQf33SI6SJhYFsjtAAGx","timestamp":"2025-11-28 12:05:35","totalConnections":4,"userId":"c86eeb5d-ee04-4bfa-b558-d603cca9fa56"}
{"duration":"53s","level":"info","message":"Socket connection unregistered","remainingConnections":3,"service":"buildxpert-api","socketId":"Yv6eSPQB9upeWQZ7AAGs","timestamp":"2025-11-28 12:06:25","userId":"c86eeb5d-ee04-4bfa-b558-d603cca9fa56"}
{"duration":"53s","level":"info","message":"Socket connection unregistered","remainingConnections":2,"service":"buildxpert-api","socketId":"0TBiiB5W-Yd7oY3cAAGv","timestamp":"2025-11-28 12:06:25","userId":"c86eeb5d-ee04-4bfa-b558-d603cca9fa56"}
{"duration":"50s","level":"info","message":"Socket connection unregistered","remainingConnections":1,"service":"buildxpert-api","socketId":"sQf33SI6SJhYFsjtAAGx","timestamp":"2025-11-28 12:06:25","userId":"c86eeb5d-ee04-4bfa-b558-d603cca9fa56"}
{"duration":"53s","level":"info","message":"Socket connection unregistered","remainingConnections":0,"service":"buildxpert-api","socketId":"wA2E90iBCZy7R0J9AAGt","timestamp":"2025-11-28 12:06:25","userId":"c86eeb5d-ee04-4bfa-b558-d603cca9fa56"}
{"errorRate":"53.93","level":"warn","message":"🚨 Alert: HIGH_ERROR_RATE","service":"buildxpert-api","severity":"high","threshold":5,"timestamp":"2025-11-28 12:06:48"}
{"level":"info","message":"Socket connection registered","service":"buildxpert-api","socketId":"vTMc5PYyyHWYT6K_AAG2","timestamp":"2025-11-28 12:08:48","totalConnections":1,"userId":null}
{"level":"info","message":"Socket connection registered","service":"buildxpert-api","socketId":"lk78BK8wk4F6du_vAAG3","timestamp":"2025-11-28 12:08:48","totalConnections":2,"userId":null}
{"level":"info","message":"Socket connection registered","service":"buildxpert-api","socketId":"EnyX0y6uli5YvCyJAAG4","timestamp":"2025-11-28 12:08:48","totalConnections":3,"userId":null}
{"level":"info","message":"Socket connection registered","service":"buildxpert-api","socketId":"GWxuRaR1uz_PYRbkAAG5","timestamp":"2025-11-28 12:08:48","totalConnections":4,"userId":null}
{"level":"info","message":"Socket connection registered","service":"buildxpert-api","socketId":"vTMc5PYyyHWYT6K_AAG2","timestamp":"2025-11-28 12:08:48","totalConnections":4,"userId":"c86eeb5d-ee04-4bfa-b558-d603cca9fa56"}
{"level":"info","message":"Socket connection registered","service":"buildxpert-api","socketId":"GWxuRaR1uz_PYRbkAAG5","timestamp":"2025-11-28 12:08:48","totalConnections":4,"userId":"c86eeb5d-ee04-4bfa-b558-d603cca9fa56"}
{"duration":"1s","level":"info","message":"Socket connection unregistered","remainingConnections":3,"service":"buildxpert-api","socketId":"GWxuRaR1uz_PYRbkAAG5","timestamp":"2025-11-28 12:08:49","userId":"c86eeb5d-ee04-4bfa-b558-d603cca9fa56"}
{"duration":"1s","level":"info","message":"Socket connection unregistered","remainingConnections":2,"service":"buildxpert-api","socketId":"lk78BK8wk4F6du_vAAG3","timestamp":"2025-11-28 12:08:49","userId":null}
{"duration":"1s","level":"info","message":"Socket connection unregistered","remainingConnections":1,"service":"buildxpert-api","socketId":"EnyX0y6uli5YvCyJAAG4","timestamp":"2025-11-28 12:08:49","userId":null}
{"duration":"1s","level":"info","message":"Socket connection unregistered","remainingConnections":0,"service":"buildxpert-api","socketId":"vTMc5PYyyHWYT6K_AAG2","timestamp":"2025-11-28 12:08:49","userId":"c86eeb5d-ee04-4bfa-b558-d603cca9fa56"}
{"level":"info","message":"Socket connection registered","service":"buildxpert-api","socketId":"JZmAkL_IKGuQczsBAAG8","timestamp":"2025-11-28 12:08:57","totalConnections":1,"userId":null}
{"level":"info","message":"Socket connection registered","service":"buildxpert-api","socketId":"49OEDh3XfbRJ2e_JAAG9","timestamp":"2025-11-28 12:08:57","totalConnections":2,"userId":null}
{"level":"info","message":"Socket connection registered","service":"buildxpert-api","socketId":"JZmAkL_IKGuQczsBAAG8","timestamp":"2025-11-28 12:08:57","totalConnections":2,"userId":"c86eeb5d-ee04-4bfa-b558-d603cca9fa56"}
{"level":"info","message":"Socket connection registered","service":"buildxpert-api","socketId":"49OEDh3XfbRJ2e_JAAG9","timestamp":"2025-11-28 12:08:57","totalConnections":2,"userId":"c86eeb5d-ee04-4bfa-b558-d603cca9fa56"}
{"level":"info","message":"Socket connection registered","service":"buildxpert-api","socketId":"pOfS5ON0CmXC2xS3AAG_","timestamp":"2025-11-28 12:08:57","totalConnections":3,"userId":null}
{"level":"info","message":"Socket connection registered","service":"buildxpert-api","socketId":"pOfS5ON0CmXC2xS3AAG_","timestamp":"2025-11-28 12:08:57","totalConnections":3,"userId":"c86eeb5d-ee04-4bfa-b558-d603cca9fa56"}
{"level":"warn","message":"Slow request detected","method":"GET","path":"/","responseTime":2209,"service":"buildxpert-api","statusCode":401,"timestamp":"2025-11-28 12:08:59"}
{"level":"info","message":"Socket connection registered","service":"buildxpert-api","socketId":"o7GtPqMkMJo27EFEAAHB","timestamp":"2025-11-28 12:09:01","totalConnections":4,"userId":null}
{"level":"info","message":"Socket connection registered","service":"buildxpert-api","socketId":"o7GtPqMkMJo27EFEAAHB","timestamp":"2025-11-28 12:09:01","totalConnections":4,"userId":"c86eeb5d-ee04-4bfa-b558-d603cca9fa56"}
{"duration":"43s","level":"info","message":"Socket connection unregistered","remainingConnections":3,"service":"buildxpert-api","socketId":"pOfS5ON0CmXC2xS3AAG_","timestamp":"2025-11-28 12:09:41","userId":"c86eeb5d-ee04-4bfa-b558-d603cca9fa56"}
{"duration":"40s","level":"info","message":"Socket connection unregistered","remainingConnections":2,"service":"buildxpert-api","socketId":"o7GtPqMkMJo27EFEAAHB","timestamp":"2025-11-28 12:09:41","userId":"c86eeb5d-ee04-4bfa-b558-d603cca9fa56"}
{"duration":"43s","level":"info","message":"Socket connection unregistered","remainingConnections":1,"service":"buildxpert-api","socketId":"JZmAkL_IKGuQczsBAAG8","timestamp":"2025-11-28 12:09:41","userId":"c86eeb5d-ee04-4bfa-b558-d603cca9fa56"}
{"duration":"43s","level":"info","message":"Socket connection unregistered","remainingConnections":0,"service":"buildxpert-api","socketId":"49OEDh3XfbRJ2e_JAAG9","timestamp":"2025-11-28 12:09:41","userId":"c86eeb5d-ee04-4bfa-b558-d603cca9fa56"}
{"deviceName":"Unknown on Unknown","ipAddress":"192.168.1.33","level":"info","message":"Session created","service":"buildxpert-api","timestamp":"2025-11-28 12:09:51","userId":"c86eeb5d-ee04-4bfa-b558-d603cca9fa56"}
{"eventType":"login","level":"info","message":"Security event logged","service":"buildxpert-api","severity":"info","timestamp":"2025-11-28 12:09:51","userId":"c86eeb5d-ee04-4bfa-b558-d603cca9fa56"}
{"level":"warn","message":"Slow request detected","method":"POST","path":"/login","responseTime":2725,"service":"buildxpert-api","statusCode":200,"timestamp":"2025-11-28 12:09:51"}
{"level":"info","message":"Socket connection registered","service":"buildxpert-api","socketId":"bUMpehs_WpPEMG6DAAHF","timestamp":"2025-11-28 12:09:52","totalConnections":1,"userId":null}
{"level":"info","message":"Socket connection registered","service":"buildxpert-api","socketId":"_T3uj5wAbeF7dcBaAAHG","timestamp":"2025-11-28 12:09:52","totalConnections":2,"userId":null}
{"level":"info","message":"Socket connection registered","service":"buildxpert-api","socketId":"bUMpehs_WpPEMG6DAAHF","timestamp":"2025-11-28 12:09:52","totalConnections":2,"userId":"c86eeb5d-ee04-4bfa-b558-d603cca9fa56"}
{"level":"info","message":"Socket connection registered","service":"buildxpert-api","socketId":"adhloBzbk0IaZPlPAAHH","timestamp":"2025-11-28 12:09:52","totalConnections":3,"userId":null}
{"level":"info","message":"Socket connection registered","service":"buildxpert-api","socketId":"_T3uj5wAbeF7dcBaAAHG","timestamp":"2025-11-28 12:09:52","totalConnections":3,"userId":"c86eeb5d-ee04-4bfa-b558-d603cca9fa56"}
{"level":"info","message":"Socket connection registered","service":"buildxpert-api","socketId":"adhloBzbk0IaZPlPAAHH","timestamp":"2025-11-28 12:09:52","totalConnections":3,"userId":"c86eeb5d-ee04-4bfa-b558-d603cca9fa56"}
{"level":"info","message":"MY-REGISTRATIONS endpoint called","role":"provider","service":"buildxpert-api","timestamp":"2025-11-28 12:09:52","userId":"c86eeb5d-ee04-4bfa-b558-d603cca9fa56"}
{"level":"info","message":"MY-REGISTRATIONS endpoint called","role":"provider","service":"buildxpert-api","timestamp":"2025-11-28 12:09:54","userId":"c86eeb5d-ee04-4bfa-b558-d603cca9fa56"}
{"level":"warn","message":"Slow request detected","method":"GET","path":"/unread-count","responseTime":2752,"service":"buildxpert-api","statusCode":200,"timestamp":"2025-11-28 12:09:54","userId":"c86eeb5d-ee04-4bfa-b558-d603cca9fa56"}
{"found":true,"level":"info","message":"Provider profile lookup","service":"buildxpert-api","timestamp":"2025-11-28 12:09:54","userId":"c86eeb5d-ee04-4bfa-b558-d603cca9fa56"}
{"found":true,"level":"info","message":"Provider profile lookup","service":"buildxpert-api","timestamp":"2025-11-28 12:09:54","userId":"c86eeb5d-ee04-4bfa-b558-d603cca9fa56"}
{"count":2,"level":"info","message":"Found registered services","service":"buildxpert-api","timestamp":"2025-11-28 12:09:55","userId":"c86eeb5d-ee04-4bfa-b558-d603cca9fa56"}
{"level":"warn","message":"Slow request detected","method":"GET","path":"/my-registrations","responseTime":3052,"service":"buildxpert-api","statusCode":304,"timestamp":"2025-11-28 12:09:55","userId":"c86eeb5d-ee04-4bfa-b558-d603cca9fa56"}
{"count":2,"level":"info","message":"Found registered services","service":"buildxpert-api","timestamp":"2025-11-28 12:09:55","userId":"c86eeb5d-ee04-4bfa-b558-d603cca9fa56"}
{"level":"info","message":"MY-REGISTRATIONS endpoint called","role":"provider","service":"buildxpert-api","timestamp":"2025-11-28 12:09:55","userId":"c86eeb5d-ee04-4bfa-b558-d603cca9fa56"}
{"found":true,"level":"info","message":"Provider profile lookup","service":"buildxpert-api","timestamp":"2025-11-28 12:09:55","userId":"c86eeb5d-ee04-4bfa-b558-d603cca9fa56"}
{"level":"info","message":"MY-REGISTRATIONS endpoint called","role":"provider","service":"buildxpert-api","timestamp":"2025-11-28 12:09:55","userId":"c86eeb5d-ee04-4bfa-b558-d603cca9fa56"}
{"count":2,"level":"info","message":"Found registered services","service":"buildxpert-api","timestamp":"2025-11-28 12:09:56","userId":"c86eeb5d-ee04-4bfa-b558-d603cca9fa56"}
{"found":true,"level":"info","message":"Provider profile lookup","service":"buildxpert-api","timestamp":"2025-11-28 12:09:56","userId":"c86eeb5d-ee04-4bfa-b558-d603cca9fa56"}
{"count":2,"level":"info","message":"Found registered services","service":"buildxpert-api","timestamp":"2025-11-28 12:09:56","userId":"c86eeb5d-ee04-4bfa-b558-d603cca9fa56"}
{"level":"info","message":"Socket connection registered","service":"buildxpert-api","socketId":"ScZLYEdj5miaw-5PAAHJ","timestamp":"2025-11-28 12:09:57","totalConnections":4,"userId":null}
{"level":"info","message":"Socket connection registered","service":"buildxpert-api","socketId":"ScZLYEdj5miaw-5PAAHJ","timestamp":"2025-11-28 12:09:57","totalConnections":4,"userId":"c86eeb5d-ee04-4bfa-b558-d603cca9fa56"}
{"level":"info","message":"MY-REGISTRATIONS endpoint called","role":"provider","service":"buildxpert-api","timestamp":"2025-11-28 12:10:05","userId":"c86eeb5d-ee04-4bfa-b558-d603cca9fa56"}
{"found":true,"level":"info","message":"Provider profile lookup","service":"buildxpert-api","timestamp":"2025-11-28 12:10:05","userId":"c86eeb5d-ee04-4bfa-b558-d603cca9fa56"}
{"count":2,"level":"info","message":"Found registered services","service":"buildxpert-api","timestamp":"2025-11-28 12:10:06","userId":"c86eeb5d-ee04-4bfa-b558-d603cca9fa56"}
{"_deduplicated":true,"_duplicateCount":10,"level":"warn","message":"Slow request detected [DUPLICATE x10]","method":"GET","path":"/bookings","responseTime":1351,"service":"buildxpert-api","statusCode":304,"timestamp":"2025-11-28 12:10:09","userId":"c86eeb5d-ee04-4bfa-b558-d603cca9fa56"}
{"level":"info","message":"MY-REGISTRATIONS endpoint called","role":"provider","service":"buildxpert-api","timestamp":"2025-11-28 12:10:13","userId":"c86eeb5d-ee04-4bfa-b558-d603cca9fa56"}
{"found":true,"level":"info","message":"Provider profile lookup","service":"buildxpert-api","timestamp":"2025-11-28 12:10:14","userId":"c86eeb5d-ee04-4bfa-b558-d603cca9fa56"}
{"count":2,"level":"info","message":"Found registered services","service":"buildxpert-api","timestamp":"2025-11-28 12:10:14","userId":"c86eeb5d-ee04-4bfa-b558-d603cca9fa56"}
{"level":"info","message":"MY-REGISTRATIONS endpoint called","role":"provider","service":"buildxpert-api","timestamp":"2025-11-28 12:10:22","userId":"c86eeb5d-ee04-4bfa-b558-d603cca9fa56"}
{"found":true,"level":"info","message":"Provider profile lookup","service":"buildxpert-api","timestamp":"2025-11-28 12:10:22","userId":"c86eeb5d-ee04-4bfa-b558-d603cca9fa56"}
{"count":2,"level":"info","message":"Found registered services","service":"buildxpert-api","timestamp":"2025-11-28 12:10:22","userId":"c86eeb5d-ee04-4bfa-b558-d603cca9fa56"}
{"level":"info","message":"Socket connection registered","service":"buildxpert-api","socketId":"h8I-BulYN4JeTrxyAAHL","timestamp":"2025-11-28 12:10:23","totalConnections":5,"userId":null}
{"level":"info","message":"Socket connection registered","service":"buildxpert-api","socketId":"h8I-BulYN4JeTrxyAAHL","timestamp":"2025-11-28 12:10:23","totalConnections":5,"userId":"c86eeb5d-ee04-4bfa-b558-d603cca9fa56"}
{"level":"info","message":"MY-REGISTRATIONS endpoint called","role":"provider","service":"buildxpert-api","timestamp":"2025-11-28 12:10:24","userId":"c86eeb5d-ee04-4bfa-b558-d603cca9fa56"}
{"level":"info","message":"MY-REGISTRATIONS endpoint called","role":"provider","service":"buildxpert-api","timestamp":"2025-11-28 12:10:24","userId":"c86eeb5d-ee04-4bfa-b558-d603cca9fa56"}
{"found":true,"level":"info","message":"Provider profile lookup","service":"buildxpert-api","timestamp":"2025-11-28 12:10:24","userId":"c86eeb5d-ee04-4bfa-b558-d603cca9fa56"}
{"found":true,"level":"info","message":"Provider profile lookup","service":"buildxpert-api","timestamp":"2025-11-28 12:10:24","userId":"c86eeb5d-ee04-4bfa-b558-d603cca9fa56"}
{"count":2,"level":"info","message":"Found registered services","service":"buildxpert-api","timestamp":"2025-11-28 12:10:25","userId":"c86eeb5d-ee04-4bfa-b558-d603cca9fa56"}
{"count":2,"level":"info","message":"Found registered services","service":"buildxpert-api","timestamp":"2025-11-28 12:10:25","userId":"c86eeb5d-ee04-4bfa-b558-d603cca9fa56"}
{"level":"info","message":"MY-REGISTRATIONS endpoint called","role":"provider","service":"buildxpert-api","timestamp":"2025-11-28 12:10:26","userId":"c86eeb5d-ee04-4bfa-b558-d603cca9fa56"}
{"found":true,"level":"info","message":"Provider profile lookup","service":"buildxpert-api","timestamp":"2025-11-28 12:10:27","userId":"c86eeb5d-ee04-4bfa-b558-d603cca9fa56"}
{"count":2,"level":"info","message":"Found registered services","service":"buildxpert-api","timestamp":"2025-11-28 12:10:27","userId":"c86eeb5d-ee04-4bfa-b558-d603cca9fa56"}
{"level":"warn","message":"Slow request detected","method":"PUT","path":"/mark-all-read","responseTime":1044,"service":"buildxpert-api","statusCode":200,"timestamp":"2025-11-28 12:10:28","userId":"c86eeb5d-ee04-4bfa-b558-d603cca9fa56"}
{"level":"info","message":"MY-REGISTRATIONS endpoint called","role":"provider","service":"buildxpert-api","timestamp":"2025-11-28 12:10:29","userId":"c86eeb5d-ee04-4bfa-b558-d603cca9fa56"}
{"found":true,"level":"info","message":"Provider profile lookup","service":"buildxpert-api","timestamp":"2025-11-28 12:10:30","userId":"c86eeb5d-ee04-4bfa-b558-d603cca9fa56"}
{"count":2,"level":"info","message":"Found registered services","service":"buildxpert-api","timestamp":"2025-11-28 12:10:30","userId":"c86eeb5d-ee04-4bfa-b558-d603cca9fa56"}
{"level":"info","message":"MY-REGISTRATIONS endpoint called","role":"provider","service":"buildxpert-api","timestamp":"2025-11-28 12:10:33","userId":"c86eeb5d-ee04-4bfa-b558-d603cca9fa56"}
{"found":true,"level":"info","message":"Provider profile lookup","service":"buildxpert-api","timestamp":"2025-11-28 12:10:33","userId":"c86eeb5d-ee04-4bfa-b558-d603cca9fa56"}
{"count":2,"level":"info","message":"Found registered services","service":"buildxpert-api","timestamp":"2025-11-28 12:10:33","userId":"c86eeb5d-ee04-4bfa-b558-d603cca9fa56"}
{"_deduplicated":true,"_duplicateCount":20,"level":"warn","message":"Slow request detected [DUPLICATE x20]","method":"GET","path":"/bookings","responseTime":1338,"service":"buildxpert-api","statusCode":304,"timestamp":"2025-11-28 12:10:35","userId":"c86eeb5d-ee04-4bfa-b558-d603cca9fa56"}
{"duration":"47s","level":"info","message":"Socket connection unregistered","remainingConnections":4,"service":"buildxpert-api","socketId":"adhloBzbk0IaZPlPAAHH","timestamp":"2025-11-28 12:10:39","userId":"c86eeb5d-ee04-4bfa-b558-d603cca9fa56"}
{"duration":"42s","level":"info","message":"Socket connection unregistered","remainingConnections":3,"service":"buildxpert-api","socketId":"ScZLYEdj5miaw-5PAAHJ","timestamp":"2025-11-28 12:10:39","userId":"c86eeb5d-ee04-4bfa-b558-d603cca9fa56"}
{"duration":"47s","level":"info","message":"Socket connection unregistered","remainingConnections":2,"service":"buildxpert-api","socketId":"_T3uj5wAbeF7dcBaAAHG","timestamp":"2025-11-28 12:10:39","userId":"c86eeb5d-ee04-4bfa-b558-d603cca9fa56"}
{"duration":"15s","level":"info","message":"Socket connection unregistered","remainingConnections":1,"service":"buildxpert-api","socketId":"h8I-BulYN4JeTrxyAAHL","timestamp":"2025-11-28 12:10:39","userId":"c86eeb5d-ee04-4bfa-b558-d603cca9fa56"}
{"duration":"47s","level":"info","message":"Socket connection unregistered","remainingConnections":0,"service":"buildxpert-api","socketId":"bUMpehs_WpPEMG6DAAHF","timestamp":"2025-11-28 12:10:39","userId":"c86eeb5d-ee04-4bfa-b558-d603cca9fa56"}
{"level":"info","message":"Graceful shutdown initiated...","service":"buildxpert-api","timestamp":"2025-11-28 12:10:46"}
