{"error":"relation \"user_sessions\" does not exist","level":"error","message":"Error cleaning up expired sessions","service":"buildxpert-api","timestamp":"2025-11-07 12:53:46"}
{"error":"relation \"token_blacklist\" does not exist","level":"error","message":"Error cleaning up expired tokens","service":"buildxpert-api","timestamp":"2025-11-07 12:53:46"}
{"error":"relation \"login_attempts\" does not exist","level":"error","message":"Error cleaning up security data","service":"buildxpert-api","timestamp":"2025-11-07 12:53:46"}
{"error":"amountValidation is not defined","level":"error","message":"Register as provider error","service":"buildxpert-api","stack":"ReferenceError: amountValidation is not defined\n    at C:\\BuildexpertAkashgebin\\backend\\routes\\services.js:721:17\n    at process.processTicksAndRejections (node:internal/process/task_queues:105:5)","timestamp":"2025-11-08 18:31:24"}
{"error":"amountValidation is not defined","level":"error","message":"Register as provider error","service":"buildxpert-api","stack":"ReferenceError: amountValidation is not defined\n    at C:\\BuildexpertAkashgebin\\backend\\routes\\services.js:721:17\n    at process.processTicksAndRejections (node:internal/process/task_queues:105:5)","timestamp":"2025-11-08 18:33:07"}
{"error":"column sm.base_price does not exist","level":"error","message":"Payment initiation error","responseTime":"478ms","service":"buildxpert-api","stack":"error: column sm.base_price does not exist\n    at C:\\BuildexpertAkashgebin\\backend\\node_modules\\pg-pool\\index.js:45:11\n    at process.processTicksAndRejections (node:internal/process/task_queues:105:5)\n    at async query (C:\\BuildexpertAkashgebin\\backend\\database\\connection.js:60:19)\n    at async getRow (C:\\BuildexpertAkashgebin\\backend\\database\\connection.js:115:18)\n    at async PaymentSecurity.validatePaymentAmount (C:\\BuildexpertAkashgebin\\backend\\utils\\paymentSecurity.js:43:21)\n    at async C:\\BuildexpertAkashgebin\\backend\\routes\\payments.js:261:30","timestamp":"2025-11-08 18:35:01","userId":"51765f75-c865-4fd5-aad1-41b862b92675"}
{"error":"column sm.base_price does not exist","level":"error","message":"Payment initiation error","responseTime":"469ms","service":"buildxpert-api","stack":"error: column sm.base_price does not exist\n    at C:\\BuildexpertAkashgebin\\backend\\node_modules\\pg-pool\\index.js:45:11\n    at process.processTicksAndRejections (node:internal/process/task_queues:105:5)\n    at async query (C:\\BuildexpertAkashgebin\\backend\\database\\connection.js:60:19)\n    at async getRow (C:\\BuildexpertAkashgebin\\backend\\database\\connection.js:115:18)\n    at async PaymentSecurity.validatePaymentAmount (C:\\BuildexpertAkashgebin\\backend\\utils\\paymentSecurity.js:45:21)\n    at async C:\\BuildexpertAkashgebin\\backend\\routes\\payments.js:268:30","timestamp":"2025-11-08 18:42:36","userId":"51765f75-c865-4fd5-aad1-41b862b92675"}
{"error":"column sm.base_price does not exist","level":"error","message":"Payment initiation error","responseTime":"482ms","service":"buildxpert-api","stack":"error: column sm.base_price does not exist\n    at C:\\BuildexpertAkashgebin\\backend\\node_modules\\pg-pool\\index.js:45:11\n    at process.processTicksAndRejections (node:internal/process/task_queues:105:5)\n    at async query (C:\\BuildexpertAkashgebin\\backend\\database\\connection.js:60:19)\n    at async getRow (C:\\BuildexpertAkashgebin\\backend\\database\\connection.js:115:18)\n    at async PaymentSecurity.validatePaymentAmount (C:\\BuildexpertAkashgebin\\backend\\utils\\paymentSecurity.js:45:21)\n    at async C:\\BuildexpertAkashgebin\\backend\\routes\\payments.js:268:30","timestamp":"2025-11-08 18:44:39","userId":"51765f75-c865-4fd5-aad1-41b862b92675"}
{"error":"defaultPricingPlan is not defined","level":"error","message":"Register as provider error","service":"buildxpert-api","stack":"ReferenceError: defaultPricingPlan is not defined\n    at C:\\BuildexpertAkashgebin\\backend\\routes\\services.js:705:41\n    at process.processTicksAndRejections (node:internal/process/task_queues:105:5)","timestamp":"2025-11-08 22:26:37"}
{"error":"Simulated network disconnection","level":"error","message":"Create booking error","service":"buildxpert-api","stack":"Error: Simulated network disconnection\n    at db.pool.query (C:\\BuildexpertAkashgebin\\backend\\tests\\errorResilience.test.js:239:23)\n    at query (C:\\BuildexpertAkashgebin\\backend\\database\\connection.js:60:30)\n    at async sendNotification (C:\\BuildexpertAkashgebin\\backend\\utils\\notifications.js:52:20)\n    at async C:\\BuildexpertAkashgebin\\backend\\routes\\bookings.js:158:34","timestamp":"2025-11-08 23:16:07"}
{"error":"Simulated network disconnection","level":"error","message":"Create booking error","service":"buildxpert-api","stack":"Error: Simulated network disconnection\n    at db.pool.query (C:\\BuildexpertAkashgebin\\backend\\tests\\errorResilience.test.js:239:23)\n    at query (C:\\BuildexpertAkashgebin\\backend\\database\\connection.js:60:30)\n    at async sendNotification (C:\\BuildexpertAkashgebin\\backend\\utils\\notifications.js:52:20)\n    at async C:\\BuildexpertAkashgebin\\backend\\routes\\bookings.js:158:34","timestamp":"2025-11-08 23:17:40"}
{"error":"Simulated database connection failure","level":"error","message":"Get services error","service":"buildxpert-api","timestamp":"2025-11-08 23:17:43"}
{"error":"Simulated payment gateway outage","level":"error","message":"Paytm verification error","orderId":"ORDER_1762624066959_9ngyrj","responseTime":"2ms","service":"buildxpert-api","timestamp":"2025-11-08 23:17:49"}
{"error":"Simulated network disconnection","level":"error","message":"Create booking error","service":"buildxpert-api","stack":"Error: Simulated network disconnection\n    at db.pool.query (C:\\BuildexpertAkashgebin\\backend\\tests\\errorResilience.test.js:239:23)\n    at query (C:\\BuildexpertAkashgebin\\backend\\database\\connection.js:60:30)\n    at async sendNotification (C:\\BuildexpertAkashgebin\\backend\\utils\\notifications.js:52:20)\n    at async C:\\BuildexpertAkashgebin\\backend\\routes\\bookings.js:158:34","timestamp":"2025-11-08 23:20:50"}
{"error":"Simulated database connection failure","level":"error","message":"Get services error","service":"buildxpert-api","timestamp":"2025-11-08 23:20:53"}
{"error":"Simulated payment gateway outage","level":"error","message":"Paytm verification error","orderId":"ORDER_1762624256676_quraq","responseTime":"4ms","service":"buildxpert-api","timestamp":"2025-11-08 23:20:59"}
{"level":"error","message":"Failed to delete old profile picture from Cloudinary","service":"buildxpert-api","timestamp":"2025-11-08 23:21:04"}
{"error":"Simulated network disconnection","level":"error","message":"Create booking error","service":"buildxpert-api","stack":"Error: Simulated network disconnection\n    at db.pool.query (C:\\BuildexpertAkashgebin\\backend\\tests\\errorResilience.test.js:239:23)\n    at query (C:\\BuildexpertAkashgebin\\backend\\database\\connection.js:60:30)\n    at async sendNotification (C:\\BuildexpertAkashgebin\\backend\\utils\\notifications.js:52:20)\n    at async C:\\BuildexpertAkashgebin\\backend\\routes\\bookings.js:158:34","timestamp":"2025-11-08 23:22:56"}
{"error":"Simulated database connection failure","level":"error","message":"Get services error","service":"buildxpert-api","timestamp":"2025-11-08 23:22:59"}
{"error":"Simulated payment gateway outage","level":"error","message":"Paytm verification error","orderId":"ORDER_1762624382112_tncpx","responseTime":"2ms","service":"buildxpert-api","timestamp":"2025-11-08 23:23:04"}
{"errorCode":"INTERNAL_ERROR","ip":"::ffff:127.0.0.1","level":"error","message":"Only image files are allowed","method":"POST","service":"buildxpert-api","stack":"ApplicationError: Only image files are allowed\n    at errorHandler (C:\\BuildexpertAkashgebin\\backend\\middleware\\errorHandler.js:151:15)\n    at Layer.handle_error (C:\\BuildexpertAkashgebin\\backend\\node_modules\\express\\lib\\router\\layer.js:71:5)\n    at trim_prefix (C:\\BuildexpertAkashgebin\\backend\\node_modules\\express\\lib\\router\\index.js:326:13)\n    at C:\\BuildexpertAkashgebin\\backend\\node_modules\\express\\lib\\router\\index.js:286:9\n    at Function.process_params (C:\\BuildexpertAkashgebin\\backend\\node_modules\\express\\lib\\router\\index.js:346:12)\n    at next (C:\\BuildexpertAkashgebin\\backend\\node_modules\\express\\lib\\router\\index.js:280:10)\n    at Layer.handle_error (C:\\BuildexpertAkashgebin\\backend\\node_modules\\express\\lib\\router\\layer.js:67:12)\n    at trim_prefix (C:\\BuildexpertAkashgebin\\backend\\node_modules\\express\\lib\\router\\index.js:326:13)\n    at C:\\BuildexpertAkashgebin\\backend\\node_modules\\express\\lib\\router\\index.js:286:9\n    at param (C:\\BuildexpertAkashgebin\\backend\\node_modules\\express\\lib\\router\\index.js:365:14)","statusCode":500,"timestamp":"2025-11-08 23:23:07","url":"/api/upload/single","userId":"d3f77a99-cda3-409e-a6aa-464d3b14d7f1"}
{"error":"Simulated Network Error","level":"error","message":"Create booking error","service":"buildxpert-api","stack":"Error: Simulated Network Error\n    at db.pool.query (C:\\BuildexpertAkashgebin\\backend\\tests\\errorResilience.test.js:155:21)\n    at query (C:\\BuildexpertAkashgebin\\backend\\database\\connection.js:60:30)\n    at async sendNotification (C:\\BuildexpertAkashgebin\\backend\\utils\\notifications.js:52:20)\n    at async C:\\BuildexpertAkashgebin\\backend\\routes\\bookings.js:158:34","timestamp":"2025-11-09 10:48:49"}
{"error":"Simulated DB Connection Loss","level":"error","message":"Get services error","service":"buildxpert-api","timestamp":"2025-11-09 10:48:52"}
{"error":"Simulated Paytm Outage","level":"error","message":"Paytm verification error","orderId":"ORDER_1762665535548_cd2pc","responseTime":"2ms","service":"buildxpert-api","timestamp":"2025-11-09 10:48:58"}
{"errorCode":"INTERNAL_ERROR","ip":"::ffff:127.0.0.1","level":"error","message":"Only image files are allowed","method":"POST","service":"buildxpert-api","stack":"ApplicationError: Only image files are allowed\n    at errorHandler (C:\\BuildexpertAkashgebin\\backend\\middleware\\errorHandler.js:151:15)\n    at Layer.handle_error (C:\\BuildexpertAkashgebin\\backend\\node_modules\\express\\lib\\router\\layer.js:71:5)\n    at trim_prefix (C:\\BuildexpertAkashgebin\\backend\\node_modules\\express\\lib\\router\\index.js:326:13)\n    at C:\\BuildexpertAkashgebin\\backend\\node_modules\\express\\lib\\router\\index.js:286:9\n    at Function.process_params (C:\\BuildexpertAkashgebin\\backend\\node_modules\\express\\lib\\router\\index.js:346:12)\n    at next (C:\\BuildexpertAkashgebin\\backend\\node_modules\\express\\lib\\router\\index.js:280:10)\n    at Layer.handle_error (C:\\BuildexpertAkashgebin\\backend\\node_modules\\express\\lib\\router\\layer.js:67:12)\n    at trim_prefix (C:\\BuildexpertAkashgebin\\backend\\node_modules\\express\\lib\\router\\index.js:326:13)\n    at C:\\BuildexpertAkashgebin\\backend\\node_modules\\express\\lib\\router\\index.js:286:9\n    at param (C:\\BuildexpertAkashgebin\\backend\\node_modules\\express\\lib\\router\\index.js:365:14)","statusCode":500,"timestamp":"2025-11-09 10:49:00","url":"/api/upload/single","userId":"0989d8e8-af0c-461b-9706-5a088d9e7b2b"}
{"attempts":1,"code":"42P01","failureCategory":"logic","level":"error","message":"relation \"notification_delivery_queue\" does not exist","service":"buildxpert-api","timestamp":"2025-11-09 11:07:59"}
{"attempts":1,"code":"42P01","failureCategory":"logic","level":"error","message":"relation \"notification_delivery_queue\" does not exist","service":"buildxpert-api","timestamp":"2025-11-09 11:08:01"}
{"attempts":1,"code":"42P01","failureCategory":"logic","level":"error","message":"relation \"notification_delivery_queue\" does not exist","service":"buildxpert-api","timestamp":"2025-11-09 11:08:06"}
{"attempts":1,"code":"42P01","failureCategory":"logic","level":"error","message":"relation \"notification_delivery_queue\" does not exist","service":"buildxpert-api","timestamp":"2025-11-09 11:08:09"}
{"attempts":1,"code":"42P01","failureCategory":"logic","level":"error","message":"relation \"notification_delivery_queue\" does not exist","service":"buildxpert-api","timestamp":"2025-11-09 11:08:11"}
{"attempts":1,"code":"42P01","failureCategory":"logic","level":"error","message":"relation \"notification_delivery_queue\" does not exist","service":"buildxpert-api","timestamp":"2025-11-09 11:08:13"}
{"attempts":1,"code":"42P01","failureCategory":"logic","level":"error","message":"relation \"notification_delivery_queue\" does not exist","service":"buildxpert-api","timestamp":"2025-11-09 11:08:15"}
{"attempts":1,"code":"42P01","failureCategory":"logic","level":"error","message":"relation \"notification_delivery_queue\" does not exist","service":"buildxpert-api","timestamp":"2025-11-09 11:08:17"}
{"attempts":1,"code":"42P01","failureCategory":"logic","level":"error","message":"relation \"notification_delivery_queue\" does not exist","service":"buildxpert-api","timestamp":"2025-11-09 11:08:19"}
{"attempts":1,"code":"42P01","failureCategory":"logic","level":"error","message":"relation \"notification_delivery_queue\" does not exist","service":"buildxpert-api","timestamp":"2025-11-09 11:08:21"}
{"attempts":1,"code":"42P01","failureCategory":"logic","level":"error","message":"relation \"notification_delivery_queue\" does not exist","service":"buildxpert-api","timestamp":"2025-11-09 11:08:23"}
{"attempts":1,"code":"42P01","failureCategory":"logic","level":"error","message":"relation \"notification_delivery_queue\" does not exist","service":"buildxpert-api","timestamp":"2025-11-09 11:08:25"}
{"attempts":1,"code":"42P01","failureCategory":"logic","level":"error","message":"relation \"notification_delivery_queue\" does not exist","service":"buildxpert-api","timestamp":"2025-11-09 11:08:27"}
{"attempts":1,"code":"42P01","failureCategory":"logic","level":"error","message":"relation \"notification_delivery_queue\" does not exist","service":"buildxpert-api","timestamp":"2025-11-09 11:08:29"}
{"attempts":1,"code":"42P01","failureCategory":"logic","level":"error","message":"relation \"notification_delivery_queue\" does not exist","service":"buildxpert-api","timestamp":"2025-11-09 11:08:31"}
{"attempts":1,"code":"42P01","failureCategory":"logic","level":"error","message":"relation \"notification_delivery_queue\" does not exist","service":"buildxpert-api","timestamp":"2025-11-09 11:08:33"}
{"attempts":1,"code":"42P01","failureCategory":"logic","level":"error","message":"relation \"notification_delivery_queue\" does not exist","service":"buildxpert-api","timestamp":"2025-11-09 11:08:35"}
{"attempts":1,"code":"42P01","failureCategory":"logic","level":"error","message":"relation \"notification_delivery_queue\" does not exist","service":"buildxpert-api","timestamp":"2025-11-09 11:08:37"}
{"attempts":1,"code":"42P01","failureCategory":"logic","level":"error","message":"relation \"notification_delivery_queue\" does not exist","service":"buildxpert-api","timestamp":"2025-11-09 11:08:39"}
{"attempts":1,"code":"42P01","failureCategory":"logic","level":"error","message":"relation \"notification_delivery_queue\" does not exist","service":"buildxpert-api","timestamp":"2025-11-09 11:08:41"}
{"attempts":1,"code":"42P01","failureCategory":"logic","level":"error","message":"relation \"notification_delivery_queue\" does not exist","service":"buildxpert-api","timestamp":"2025-11-09 11:08:43"}
{"attempts":1,"code":"42P01","failureCategory":"logic","level":"error","message":"relation \"notification_delivery_queue\" does not exist","service":"buildxpert-api","timestamp":"2025-11-09 11:08:45"}
{"attempts":1,"code":"42P01","failureCategory":"logic","level":"error","message":"relation \"notification_delivery_queue\" does not exist","service":"buildxpert-api","timestamp":"2025-11-09 11:08:47"}
{"attempts":1,"code":"42P01","failureCategory":"logic","level":"error","message":"relation \"notification_delivery_queue\" does not exist","service":"buildxpert-api","timestamp":"2025-11-09 11:08:49"}
{"attempts":1,"code":"42P01","failureCategory":"logic","level":"error","message":"relation \"notification_delivery_queue\" does not exist","service":"buildxpert-api","timestamp":"2025-11-09 11:08:51"}
{"attempts":1,"code":"42P01","failureCategory":"logic","level":"error","message":"relation \"notification_delivery_queue\" does not exist","service":"buildxpert-api","timestamp":"2025-11-09 11:08:53"}
{"attempts":1,"code":"42P01","failureCategory":"logic","level":"error","message":"relation \"notification_delivery_queue\" does not exist","service":"buildxpert-api","timestamp":"2025-11-09 11:08:55"}
{"attempts":3,"code":"ECONNRESET","failureCategory":"resilience","level":"error","message":"Simulated DB Connection Loss","paramsCount":0,"queryPreview":"\n      SELECT id, name, is_paid, created_at\n      FROM services_master \n      ORDER BY name\n    ","service":"buildxpert-api","timestamp":"2025-11-09 11:11:22"}
{"error":"Simulated DB Connection Loss","level":"error","message":"Get services error","service":"buildxpert-api","timestamp":"2025-11-09 11:11:22"}
{"error":"Paytm: Circuit breaker open","level":"error","message":"Fallback failed for paytm-api","service":"buildxpert-api","timestamp":"2025-11-09 11:11:27"}
{"attempts":3,"code":"ECONNRESET","failureCategory":"resilience","level":"error","message":"Simulated Network Error","paramsCount":5,"queryPreview":"\n      INSERT INTO bookings (user_id, provider_service_id, selected_service, appointment_date, appointment_time)\n      V","service":"buildxpert-api","timestamp":"2025-11-09 11:27:56"}
{"error":"Simulated Network Error","level":"error","message":"Create booking error","service":"buildxpert-api","stack":"Error: Simulated Network Error\n    at db.pool.query (C:\\BuildexpertAkashgebin\\backend\\tests\\errorResilience.test.js:155:21)\n    at query (C:\\BuildexpertAkashgebin\\backend\\database\\connection.js:83:30)\n    at async C:\\BuildexpertAkashgebin\\backend\\routes\\bookings.js:73:20","timestamp":"2025-11-09 11:27:56"}
{"attempts":3,"code":"ECONNRESET","failureCategory":"resilience","level":"error","message":"Simulated DB Connection Loss","paramsCount":0,"queryPreview":"\n      SELECT id, name, is_paid, created_at\n      FROM services_master \n      ORDER BY name\n    ","service":"buildxpert-api","timestamp":"2025-11-09 11:27:57"}
{"error":"Simulated DB Connection Loss","level":"error","message":"Get services error","service":"buildxpert-api","timestamp":"2025-11-09 11:27:57"}
{"error":"Paytm: Circuit breaker open","level":"error","message":"Fallback failed for paytm-api","service":"buildxpert-api","timestamp":"2025-11-09 11:28:01"}
{"attempts":1,"code":"42P10","failureCategory":"logic","level":"error","message":"for SELECT DISTINCT, ORDER BY expressions must appear in select list","paramsCount":1,"queryPreview":"\n          SELECT DISTINCT user_id\n          FROM pending_push_notifications\n          ORDER BY created_at ASC\n         ","service":"buildxpert-api","timestamp":"2025-11-09 11:42:11"}
{"attempts":1,"code":"42P10","failureCategory":"logic","level":"error","message":"for SELECT DISTINCT, ORDER BY expressions must appear in select list","paramsCount":1,"queryPreview":"\n          SELECT DISTINCT user_id\n          FROM pending_push_notifications\n          ORDER BY created_at ASC\n         ","service":"buildxpert-api","timestamp":"2025-11-09 11:42:42"}
{"attempts":1,"code":"42P10","failureCategory":"logic","level":"error","message":"for SELECT DISTINCT, ORDER BY expressions must appear in select list","paramsCount":1,"queryPreview":"\n          SELECT DISTINCT user_id\n          FROM pending_push_notifications\n          ORDER BY created_at ASC\n         ","service":"buildxpert-api","timestamp":"2025-11-09 11:43:00"}
{"attempts":1,"code":"42883","failureCategory":"logic","level":"error","message":"operator does not exist: integer = uuid","paramsCount":1,"queryPreview":"DELETE FROM user_sessions WHERE user_id = $1 OR id = $1","service":"buildxpert-api","timestamp":"2025-11-09 11:50:12"}
{"attempts":1,"code":"42883","failureCategory":"logic","level":"error","message":"operator does not exist: integer = uuid","paramsCount":1,"queryPreview":"DELETE FROM user_sessions WHERE user_id = $1 OR id = $1","service":"buildxpert-api","timestamp":"2025-11-09 11:50:13"}
{"attempts":1,"code":"42883","failureCategory":"logic","level":"error","message":"operator does not exist: integer = uuid","paramsCount":1,"queryPreview":"DELETE FROM user_sessions WHERE user_id = $1 OR id = $1","service":"buildxpert-api","timestamp":"2025-11-09 11:56:18"}
{"attempts":1,"code":"42883","failureCategory":"logic","level":"error","message":"operator does not exist: integer = uuid","paramsCount":1,"queryPreview":"DELETE FROM user_sessions WHERE user_id = $1 OR id = $1","service":"buildxpert-api","timestamp":"2025-11-09 11:56:20"}
{"attempts":1,"code":"42883","failureCategory":"logic","level":"error","message":"operator does not exist: integer = uuid","paramsCount":1,"queryPreview":"DELETE FROM user_sessions WHERE user_id = $1::uuid OR id = $1","service":"buildxpert-api","timestamp":"2025-11-09 12:00:48"}
{"attempts":1,"code":"42883","failureCategory":"logic","level":"error","message":"operator does not exist: integer = uuid","paramsCount":1,"queryPreview":"DELETE FROM user_sessions WHERE user_id = $1::uuid OR id = $1","service":"buildxpert-api","timestamp":"2025-11-09 12:00:50"}
{"attempts":1,"code":"42883","failureCategory":"logic","level":"error","message":"operator does not exist: integer = uuid","paramsCount":1,"queryPreview":"DELETE FROM user_sessions WHERE user_id = $1::uuid OR id = $1","service":"buildxpert-api","timestamp":"2025-11-09 12:03:22"}
{"attempts":1,"code":"42883","failureCategory":"logic","level":"error","message":"operator does not exist: integer = uuid","paramsCount":1,"queryPreview":"DELETE FROM user_sessions WHERE user_id = $1::uuid OR id = $1","service":"buildxpert-api","timestamp":"2025-11-09 12:03:23"}
{"attempts":3,"code":"ECONNRESET","failureCategory":"resilience","level":"error","message":"Simulated Network Error","paramsCount":5,"queryPreview":"\n      INSERT INTO bookings (user_id, provider_service_id, selected_service, appointment_date, appointment_time)\n      V","service":"buildxpert-api","timestamp":"2025-11-09 18:39:36"}
{"error":"Simulated Network Error","level":"error","message":"Create booking error","service":"buildxpert-api","stack":"Error: Simulated Network Error\n    at db.pool.query (C:\\BuildexpertAkashgebin\\backend\\tests\\errorResilience.test.js:155:21)\n    at query (C:\\BuildexpertAkashgebin\\backend\\database\\connection.js:83:30)\n    at async C:\\BuildexpertAkashgebin\\backend\\routes\\bookings.js:105:20","timestamp":"2025-11-09 18:39:36"}
{"attempts":3,"code":"ECONNRESET","failureCategory":"resilience","level":"error","message":"Simulated DB Connection Loss","paramsCount":0,"queryPreview":"\n      SELECT id, name, is_paid, created_at\n      FROM services_master \n      ORDER BY name\n    ","service":"buildxpert-api","timestamp":"2025-11-09 18:39:37"}
{"error":"Simulated DB Connection Loss","level":"error","message":"Get services error","service":"buildxpert-api","timestamp":"2025-11-09 18:39:37"}
{"error":"Paytm: Circuit breaker open","level":"error","message":"Fallback failed for paytm-api","service":"buildxpert-api","timestamp":"2025-11-09 18:39:47"}
{"attempts":3,"code":"ECONNRESET","failureCategory":"resilience","level":"error","message":"Simulated Network Error","paramsCount":5,"queryPreview":"\n      INSERT INTO bookings (user_id, provider_service_id, selected_service, appointment_date, appointment_time)\n      V","service":"buildxpert-api","timestamp":"2025-11-09 18:45:29"}
{"error":"Simulated Network Error","level":"error","message":"Create booking error","service":"buildxpert-api","stack":"Error: Simulated Network Error\n    at db.pool.query (C:\\BuildexpertAkashgebin\\backend\\tests\\errorResilience.test.js:155:21)\n    at query (C:\\BuildexpertAkashgebin\\backend\\database\\connection.js:83:30)\n    at async C:\\BuildexpertAkashgebin\\backend\\routes\\bookings.js:106:20","timestamp":"2025-11-09 18:45:29"}
{"attempts":3,"code":"ECONNRESET","failureCategory":"resilience","level":"error","message":"Simulated DB Connection Loss","paramsCount":0,"queryPreview":"\n      SELECT id, name, is_paid, created_at\n      FROM services_master \n      ORDER BY name\n    ","service":"buildxpert-api","timestamp":"2025-11-09 18:45:29"}
{"error":"Simulated DB Connection Loss","level":"error","message":"Get services error","service":"buildxpert-api","timestamp":"2025-11-09 18:45:29"}
{"error":"Paytm: Circuit breaker open","level":"error","message":"Fallback failed for paytm-api","service":"buildxpert-api","timestamp":"2025-11-09 18:45:35"}
{"attempts":3,"code":"ECONNRESET","failureCategory":"resilience","level":"error","message":"Simulated Network Error","paramsCount":5,"queryPreview":"\n      INSERT INTO bookings (user_id, provider_service_id, selected_service, appointment_date, appointment_time)\n      V","service":"buildxpert-api","timestamp":"2025-11-09 18:50:49"}
{"error":"Simulated Network Error","level":"error","message":"Create booking error","service":"buildxpert-api","stack":"Error: Simulated Network Error\n    at db.pool.query (C:\\BuildexpertAkashgebin\\backend\\tests\\errorResilience.test.js:155:21)\n    at query (C:\\BuildexpertAkashgebin\\backend\\database\\connection.js:83:30)\n    at async C:\\BuildexpertAkashgebin\\backend\\routes\\bookings.js:106:20","timestamp":"2025-11-09 18:50:49"}
{"attempts":3,"code":"ECONNRESET","failureCategory":"resilience","level":"error","message":"Simulated DB Connection Loss","paramsCount":0,"queryPreview":"\n      SELECT id, name, is_paid, created_at\n      FROM services_master \n      ORDER BY name\n    ","service":"buildxpert-api","timestamp":"2025-11-09 18:50:49"}
{"error":"Simulated DB Connection Loss","level":"error","message":"Get services error","service":"buildxpert-api","timestamp":"2025-11-09 18:50:49"}
{"error":"Paytm: Circuit breaker open","level":"error","message":"Fallback failed for paytm-api","service":"buildxpert-api","timestamp":"2025-11-09 18:50:55"}
{"level":"error","message":"Failed to delete profile picture from Cloudinary","service":"buildxpert-api","timestamp":"2025-11-09 19:17:56"}
{"attempts":1,"code":"42703","failureCategory":"logic","level":"error","message":"column urp.report_type does not exist","paramsCount":0,"queryPreview":"\n        SELECT \n          urp.id, \n          urp.report_type, \n          urp.description, \n          urp.status, \n     ","service":"buildxpert-api","timestamp":"2025-11-09 19:23:55"}
{"error":"column urp.report_type does not exist","level":"error","message":"Admin reports error","service":"buildxpert-api","timestamp":"2025-11-09 19:23:55"}
{"attempts":1,"code":"42703","failureCategory":"logic","level":"error","message":"column urp.report_type does not exist","paramsCount":1,"queryPreview":"\n        SELECT \n          urp.id, \n          urp.report_type, \n          urp.description, \n          urp.status, \n     ","service":"buildxpert-api","timestamp":"2025-11-09 19:24:02"}
{"error":"column urp.report_type does not exist","level":"error","message":"Admin reports error","service":"buildxpert-api","timestamp":"2025-11-09 19:24:02"}
{"attempts":1,"code":"42703","failureCategory":"logic","level":"error","message":"column urp.report_type does not exist","paramsCount":1,"queryPreview":"\n        SELECT \n          urp.id, \n          urp.report_type, \n          urp.description, \n          urp.status, \n     ","service":"buildxpert-api","timestamp":"2025-11-09 19:24:03"}
{"error":"column urp.report_type does not exist","level":"error","message":"Admin reports error","service":"buildxpert-api","timestamp":"2025-11-09 19:24:03"}
{"attempts":1,"code":"42703","failureCategory":"logic","level":"error","message":"column urp.report_type does not exist","paramsCount":1,"queryPreview":"\n        SELECT \n          urp.id, \n          urp.report_type, \n          urp.description, \n          urp.status, \n     ","service":"buildxpert-api","timestamp":"2025-11-09 19:24:04"}
{"error":"column urp.report_type does not exist","level":"error","message":"Admin reports error","service":"buildxpert-api","timestamp":"2025-11-09 19:24:04"}
{"attempts":1,"code":"42703","failureCategory":"logic","level":"error","message":"column urp.report_type does not exist","paramsCount":0,"queryPreview":"\n        SELECT \n          urp.id, \n          urp.report_type, \n          urp.description, \n          urp.status, \n     ","service":"buildxpert-api","timestamp":"2025-11-09 19:24:13"}
{"error":"column urp.report_type does not exist","level":"error","message":"Admin reports error","service":"buildxpert-api","timestamp":"2025-11-09 19:24:13"}
{"attempts":1,"code":"42703","failureCategory":"logic","level":"error","message":"column urp.report_type does not exist","paramsCount":0,"queryPreview":"\n        SELECT \n          urp.id, \n          urp.report_type, \n          urp.description, \n          urp.status, \n     ","service":"buildxpert-api","timestamp":"2025-11-09 19:24:55"}
{"error":"column urp.report_type does not exist","level":"error","message":"Admin reports error","service":"buildxpert-api","timestamp":"2025-11-09 19:24:55"}
{"attempts":1,"code":"42P01","failureCategory":"logic","level":"error","message":"relation \"blocked_identifiers\" does not exist","paramsCount":3,"queryPreview":"\n        SELECT *\n        FROM blocked_identifiers\n        WHERE identifier_type = $1\n          AND identifier_value = $","service":"buildxpert-api","timestamp":"2025-11-11 18:57:26"}
{"error":"relation \"blocked_identifiers\" does not exist","identifierType":"phone","level":"error","message":"Blocked identifier lookup failed","role":"admin","service":"buildxpert-api","timestamp":"2025-11-11 18:57:26"}
{"error":"relation \"blocked_identifiers\" does not exist","level":"error","message":"Login error","service":"buildxpert-api","timestamp":"2025-11-11 18:57:26"}
{"attempts":1,"code":"42P01","failureCategory":"logic","level":"error","message":"relation \"blocked_identifiers\" does not exist","paramsCount":3,"queryPreview":"\n        SELECT *\n        FROM blocked_identifiers\n        WHERE identifier_type = $1\n          AND identifier_value = $","service":"buildxpert-api","timestamp":"2025-11-11 18:57:42"}
{"error":"relation \"blocked_identifiers\" does not exist","identifierType":"phone","level":"error","message":"Blocked identifier lookup failed","role":"admin","service":"buildxpert-api","timestamp":"2025-11-11 18:57:42"}
{"error":"relation \"blocked_identifiers\" does not exist","level":"error","message":"Login error","service":"buildxpert-api","timestamp":"2025-11-11 18:57:42"}
{"attempts":1,"code":"42P01","failureCategory":"logic","level":"error","message":"relation \"blocked_identifiers\" does not exist","paramsCount":3,"queryPreview":"\n        SELECT *\n        FROM blocked_identifiers\n        WHERE identifier_type = $1\n          AND identifier_value = $","service":"buildxpert-api","timestamp":"2025-11-11 18:57:57"}
{"error":"relation \"blocked_identifiers\" does not exist","identifierType":"phone","level":"error","message":"Blocked identifier lookup failed","role":"admin","service":"buildxpert-api","timestamp":"2025-11-11 18:57:57"}
{"error":"relation \"blocked_identifiers\" does not exist","level":"error","message":"Login error","service":"buildxpert-api","timestamp":"2025-11-11 18:57:57"}
{"attempts":1,"code":"42P01","failureCategory":"logic","level":"error","message":"relation \"blocked_identifiers\" does not exist","paramsCount":3,"queryPreview":"\n        SELECT *\n        FROM blocked_identifiers\n        WHERE identifier_type = $1\n          AND identifier_value = $","service":"buildxpert-api","timestamp":"2025-11-11 19:01:32"}
{"error":"relation \"blocked_identifiers\" does not exist","identifierType":"phone","level":"error","message":"Blocked identifier lookup failed","role":"admin","service":"buildxpert-api","timestamp":"2025-11-11 19:01:32"}
{"error":"relation \"blocked_identifiers\" does not exist","level":"error","message":"Login error","service":"buildxpert-api","timestamp":"2025-11-11 19:01:32"}
{"attempts":1,"code":"42P01","failureCategory":"logic","level":"error","message":"relation \"blocked_identifiers\" does not exist","paramsCount":3,"queryPreview":"\n        SELECT *\n        FROM blocked_identifiers\n        WHERE identifier_type = $1\n          AND identifier_value = $","service":"buildxpert-api","timestamp":"2025-11-11 19:02:05"}
{"error":"relation \"blocked_identifiers\" does not exist","identifierType":"phone","level":"error","message":"Blocked identifier lookup failed","role":"admin","service":"buildxpert-api","timestamp":"2025-11-11 19:02:05"}
{"error":"relation \"blocked_identifiers\" does not exist","level":"error","message":"Login error","service":"buildxpert-api","timestamp":"2025-11-11 19:02:05"}
{"attempts":1,"code":"42P01","failureCategory":"logic","level":"error","message":"relation \"blocked_identifiers\" does not exist","paramsCount":3,"queryPreview":"\n        SELECT *\n        FROM blocked_identifiers\n        WHERE identifier_type = $1\n          AND identifier_value = $","service":"buildxpert-api","timestamp":"2025-11-11 19:13:43"}
{"error":"relation \"blocked_identifiers\" does not exist","identifierType":"phone","level":"error","message":"Blocked identifier lookup failed","role":"admin","service":"buildxpert-api","timestamp":"2025-11-11 19:13:43"}
{"error":"relation \"blocked_identifiers\" does not exist","level":"error","message":"Login error","service":"buildxpert-api","timestamp":"2025-11-11 19:13:43"}
{"attempts":1,"code":"42P01","failureCategory":"logic","level":"error","message":"relation \"blocked_identifiers\" does not exist","paramsCount":3,"queryPreview":"\n        SELECT *\n        FROM blocked_identifiers\n        WHERE identifier_type = $1\n          AND identifier_value = $","service":"buildxpert-api","timestamp":"2025-11-11 19:18:07"}
{"error":"relation \"blocked_identifiers\" does not exist","identifierType":"phone","level":"error","message":"Blocked identifier lookup failed","role":"admin","service":"buildxpert-api","timestamp":"2025-11-11 19:18:07"}
{"error":"relation \"blocked_identifiers\" does not exist","level":"error","message":"Login error","service":"buildxpert-api","timestamp":"2025-11-11 19:18:07"}
{"attempts":1,"code":"42703","failureCategory":"logic","level":"error","message":"column urp.report_type does not exist","paramsCount":0,"queryPreview":"\n        SELECT \n          urp.id, \n          urp.report_type, \n          urp.description, \n          urp.status, \n     ","service":"buildxpert-api","timestamp":"2025-11-11 19:24:17"}
{"error":"column urp.report_type does not exist","level":"error","message":"Admin reports error","service":"buildxpert-api","timestamp":"2025-11-11 19:24:17"}
{"attempts":1,"code":"42703","failureCategory":"logic","level":"error","message":"column urp.report_type does not exist","paramsCount":0,"queryPreview":"\n        SELECT \n          urp.id, \n          urp.report_type, \n          urp.description, \n          urp.status, \n     ","service":"buildxpert-api","timestamp":"2025-11-11 19:24:23"}
{"error":"column urp.report_type does not exist","level":"error","message":"Admin reports error","service":"buildxpert-api","timestamp":"2025-11-11 19:24:23"}
{"attempts":1,"code":"42703","failureCategory":"logic","level":"error","message":"column urp.report_type does not exist","paramsCount":1,"queryPreview":"\n        SELECT \n          urp.id, \n          urp.report_type, \n          urp.description, \n          urp.status, \n     ","service":"buildxpert-api","timestamp":"2025-11-11 19:24:27"}
{"error":"column urp.report_type does not exist","level":"error","message":"Admin reports error","service":"buildxpert-api","timestamp":"2025-11-11 19:24:27"}
{"attempts":1,"code":"42703","failureCategory":"logic","level":"error","message":"column urp.report_type does not exist","paramsCount":1,"queryPreview":"\n        SELECT \n          urp.id, \n          urp.report_type, \n          urp.description, \n          urp.status, \n     ","service":"buildxpert-api","timestamp":"2025-11-11 19:24:29"}
{"error":"column urp.report_type does not exist","level":"error","message":"Admin reports error","service":"buildxpert-api","timestamp":"2025-11-11 19:24:29"}
{"attempts":1,"code":"42703","failureCategory":"logic","level":"error","message":"column urp.report_type does not exist","paramsCount":1,"queryPreview":"\n        SELECT \n          urp.id, \n          urp.report_type, \n          urp.description, \n          urp.status, \n     ","service":"buildxpert-api","timestamp":"2025-11-11 19:24:29"}
{"error":"column urp.report_type does not exist","level":"error","message":"Admin reports error","service":"buildxpert-api","timestamp":"2025-11-11 19:24:29"}
{"attempts":1,"code":"42703","failureCategory":"logic","level":"error","message":"column urp.report_type does not exist","paramsCount":0,"queryPreview":"\n        SELECT \n          urp.id, \n          urp.report_type, \n          urp.description, \n          urp.status, \n     ","service":"buildxpert-api","timestamp":"2025-11-11 19:25:07"}
{"error":"column urp.report_type does not exist","level":"error","message":"Admin reports error","service":"buildxpert-api","timestamp":"2025-11-11 19:25:07"}
{"attempts":1,"code":"42703","failureCategory":"logic","level":"error","message":"column urp.report_type does not exist","paramsCount":0,"queryPreview":"\n        SELECT \n          urp.id, \n          urp.report_type, \n          urp.description, \n          urp.status, \n     ","service":"buildxpert-api","timestamp":"2025-11-11 19:27:59"}
{"error":"column urp.report_type does not exist","level":"error","message":"Admin reports error","service":"buildxpert-api","timestamp":"2025-11-11 19:27:59"}
{"attempts":1,"code":"42703","failureCategory":"logic","level":"error","message":"column urp.report_type does not exist","paramsCount":1,"queryPreview":"\n        SELECT \n          urp.id, \n          urp.report_type, \n          urp.description, \n          urp.status, \n     ","service":"buildxpert-api","timestamp":"2025-11-11 19:28:07"}
{"error":"column urp.report_type does not exist","level":"error","message":"Admin reports error","service":"buildxpert-api","timestamp":"2025-11-11 19:28:07"}
{"attempts":1,"code":"42703","failureCategory":"logic","level":"error","message":"column urp.report_type does not exist","paramsCount":0,"queryPreview":"\n        SELECT \n          urp.id, \n          urp.report_type, \n          urp.description, \n          urp.status, \n     ","service":"buildxpert-api","timestamp":"2025-11-11 19:36:53"}
{"attempts":1,"code":"42703","failureCategory":"logic","level":"error","message":"column pr.report_type does not exist","paramsCount":0,"queryPreview":"\n            SELECT \n              pr.id,\n              pr.report_type,\n              pr.description,\n              pr.s","service":"buildxpert-api","timestamp":"2025-11-11 19:36:53"}
{"error":"column pr.report_type does not exist","level":"error","message":"Admin reports error","service":"buildxpert-api","timestamp":"2025-11-11 19:36:53"}
{"attempts":1,"code":"42703","failureCategory":"logic","level":"error","message":"column urp.report_type does not exist","paramsCount":0,"queryPreview":"\n        SELECT \n          urp.id, \n          urp.report_type, \n          urp.description, \n          urp.status, \n     ","service":"buildxpert-api","timestamp":"2025-11-11 19:37:15"}
{"attempts":1,"code":"42703","failureCategory":"logic","level":"error","message":"column pr.report_type does not exist","paramsCount":0,"queryPreview":"\n            SELECT \n              pr.id,\n              pr.report_type,\n              pr.description,\n              pr.s","service":"buildxpert-api","timestamp":"2025-11-11 19:37:15"}
{"error":"column pr.report_type does not exist","level":"error","message":"Admin reports error","service":"buildxpert-api","timestamp":"2025-11-11 19:37:15"}
{"attempts":1,"code":"42703","failureCategory":"logic","level":"error","message":"column urp.report_type does not exist","paramsCount":1,"queryPreview":"\n        SELECT \n          urp.id, \n          urp.report_type, \n          urp.description, \n          urp.status, \n     ","service":"buildxpert-api","timestamp":"2025-11-11 19:37:22"}
{"attempts":1,"code":"42703","failureCategory":"logic","level":"error","message":"column pr.report_type does not exist","paramsCount":1,"queryPreview":"\n            SELECT \n              pr.id,\n              pr.report_type,\n              pr.description,\n              pr.s","service":"buildxpert-api","timestamp":"2025-11-11 19:37:23"}
{"error":"column pr.report_type does not exist","level":"error","message":"Admin reports error","service":"buildxpert-api","timestamp":"2025-11-11 19:37:23"}
{"attempts":1,"code":"42703","failureCategory":"logic","level":"error","message":"column urp.report_type does not exist","paramsCount":1,"queryPreview":"\n        SELECT \n          urp.id, \n          urp.report_type, \n          urp.description, \n          urp.status, \n     ","service":"buildxpert-api","timestamp":"2025-11-11 19:37:23"}
{"attempts":1,"code":"42703","failureCategory":"logic","level":"error","message":"column urp.report_type does not exist","paramsCount":1,"queryPreview":"\n        SELECT \n          urp.id, \n          urp.report_type, \n          urp.description, \n          urp.status, \n     ","service":"buildxpert-api","timestamp":"2025-11-11 19:37:24"}
{"attempts":1,"code":"42703","failureCategory":"logic","level":"error","message":"column pr.report_type does not exist","paramsCount":1,"queryPreview":"\n            SELECT \n              pr.id,\n              pr.report_type,\n              pr.description,\n              pr.s","service":"buildxpert-api","timestamp":"2025-11-11 19:37:25"}
{"error":"column pr.report_type does not exist","level":"error","message":"Admin reports error","service":"buildxpert-api","timestamp":"2025-11-11 19:37:25"}
{"attempts":1,"code":"42703","failureCategory":"logic","level":"error","message":"column pr.report_type does not exist","paramsCount":1,"queryPreview":"\n            SELECT \n              pr.id,\n              pr.report_type,\n              pr.description,\n              pr.s","service":"buildxpert-api","timestamp":"2025-11-11 19:37:26"}
{"error":"column pr.report_type does not exist","level":"error","message":"Admin reports error","service":"buildxpert-api","timestamp":"2025-11-11 19:37:26"}
{"attempts":1,"code":"42703","failureCategory":"logic","level":"error","message":"column urp.report_type does not exist","paramsCount":0,"queryPreview":"\n        SELECT \n          urp.id, \n          urp.report_type, \n          urp.description, \n          urp.status, \n     ","service":"buildxpert-api","timestamp":"2025-11-11 19:37:26"}
{"attempts":1,"code":"42703","failureCategory":"logic","level":"error","message":"column pr.report_type does not exist","paramsCount":0,"queryPreview":"\n            SELECT \n              pr.id,\n              pr.report_type,\n              pr.description,\n              pr.s","service":"buildxpert-api","timestamp":"2025-11-11 19:37:28"}
{"error":"column pr.report_type does not exist","level":"error","message":"Admin reports error","service":"buildxpert-api","timestamp":"2025-11-11 19:37:28"}
{"attempts":1,"code":"42703","failureCategory":"logic","level":"error","message":"column urp.report_type does not exist","paramsCount":0,"queryPreview":"\n        SELECT \n          urp.id, \n          urp.report_type, \n          urp.description, \n          urp.status, \n     ","service":"buildxpert-api","timestamp":"2025-11-11 19:38:09"}
{"attempts":1,"code":"42703","failureCategory":"logic","level":"error","message":"column pr.report_type does not exist","paramsCount":0,"queryPreview":"\n            SELECT \n              pr.id,\n              pr.report_type,\n              pr.description,\n              pr.s","service":"buildxpert-api","timestamp":"2025-11-11 19:38:09"}
{"error":"column pr.report_type does not exist","level":"error","message":"Admin reports error","service":"buildxpert-api","timestamp":"2025-11-11 19:38:09"}
{"attempts":1,"code":"42703","failureCategory":"logic","level":"error","message":"column urp.report_type does not exist","paramsCount":0,"queryPreview":"\n        SELECT \n          urp.id, \n          urp.report_type, \n          urp.description, \n          urp.status, \n     ","service":"buildxpert-api","timestamp":"2025-11-11 19:38:19"}
{"attempts":1,"code":"42703","failureCategory":"logic","level":"error","message":"column pr.report_type does not exist","paramsCount":0,"queryPreview":"\n            SELECT \n              pr.id,\n              pr.report_type,\n              pr.description,\n              pr.s","service":"buildxpert-api","timestamp":"2025-11-11 19:38:20"}
{"error":"column pr.report_type does not exist","level":"error","message":"Admin reports error","service":"buildxpert-api","timestamp":"2025-11-11 19:38:20"}
{"attempts":1,"code":"42703","failureCategory":"logic","level":"error","message":"column urp.report_type does not exist","paramsCount":0,"queryPreview":"\n        SELECT \n          urp.id, \n          urp.report_type, \n          urp.description, \n          urp.status, \n     ","service":"buildxpert-api","timestamp":"2025-11-11 19:38:25"}
{"attempts":1,"code":"42703","failureCategory":"logic","level":"error","message":"column pr.report_type does not exist","paramsCount":0,"queryPreview":"\n            SELECT \n              pr.id,\n              pr.report_type,\n              pr.description,\n              pr.s","service":"buildxpert-api","timestamp":"2025-11-11 19:38:25"}
{"error":"column pr.report_type does not exist","level":"error","message":"Admin reports error","service":"buildxpert-api","timestamp":"2025-11-11 19:38:25"}
{"attempts":1,"code":"42703","failureCategory":"logic","level":"error","message":"column urp.report_type does not exist","paramsCount":0,"queryPreview":"\n            SELECT \n              urp.id, \n              urp.report_type, \n              urp.description, \n            ","service":"buildxpert-api","timestamp":"2025-11-11 19:52:56"}
{"attempts":1,"code":"42703","failureCategory":"logic","level":"error","message":"column pr.report_type does not exist","paramsCount":0,"queryPreview":"\n            SELECT \n              pr.id,\n              pr.report_type,\n              pr.description,\n              pr.s","service":"buildxpert-api","timestamp":"2025-11-11 19:52:57"}
{"attempts":1,"code":"42703","failureCategory":"logic","level":"error","message":"column urp.report_type does not exist","paramsCount":0,"queryPreview":"\n            SELECT \n              urp.id, \n              urp.report_type, \n              urp.description, \n            ","service":"buildxpert-api","timestamp":"2025-11-11 19:56:44"}
{"attempts":1,"code":"42703","failureCategory":"logic","level":"error","message":"column pr.report_type does not exist","paramsCount":0,"queryPreview":"\n            SELECT \n              pr.id,\n              pr.report_type,\n              pr.description,\n              pr.s","service":"buildxpert-api","timestamp":"2025-11-11 19:56:44"}
{"attempts":1,"code":"42703","failureCategory":"logic","level":"error","message":"column pr.report_type does not exist","paramsCount":0,"queryPreview":"\n        SELECT \n          pr.id,\n          pr.report_type,\n          pr.description,\n          pr.status,\n          pr.","service":"buildxpert-api","timestamp":"2025-11-11 19:56:45"}
{"error":"column pr.report_type does not exist","level":"error","message":"Admin reports error","service":"buildxpert-api","timestamp":"2025-11-11 19:56:45"}
{"attempts":1,"code":"42703","failureCategory":"logic","level":"error","message":"column \"report_type\" of relation \"user_reports_providers\" does not exist","paramsCount":0,"queryPreview":"\n    INSERT INTO user_reports_providers (\n      id,\n      reported_by_user_id,\n      reported_provider_id,\n      report_","service":"buildxpert-api","timestamp":"2025-11-11 20:15:04"}
{"error":"column \"report_type\" of relation \"user_reports_providers\" does not exist","level":"error","message":"Admin stats error","service":"buildxpert-api","timestamp":"2025-11-11 20:15:04"}
{"attempts":1,"code":"42703","failureCategory":"logic","level":"error","message":"column urp.report_type does not exist","paramsCount":0,"queryPreview":"\n            SELECT \n              urp.id, \n              urp.report_type, \n              urp.description, \n            ","service":"buildxpert-api","timestamp":"2025-11-11 20:18:21"}
{"attempts":1,"code":"42703","failureCategory":"logic","level":"error","message":"column pr.report_type does not exist","paramsCount":0,"queryPreview":"\n            SELECT \n              pr.id,\n              pr.report_type,\n              pr.description,\n              pr.s","service":"buildxpert-api","timestamp":"2025-11-11 20:18:21"}
{"attempts":1,"code":"42703","failureCategory":"logic","level":"error","message":"column urp.report_type does not exist","paramsCount":1,"queryPreview":"\n            SELECT \n              urp.id, \n              urp.report_type, \n              urp.description, \n            ","service":"buildxpert-api","timestamp":"2025-11-11 20:18:28"}
{"attempts":1,"code":"42703","failureCategory":"logic","level":"error","message":"column pr.report_type does not exist","paramsCount":1,"queryPreview":"\n            SELECT \n              pr.id,\n              pr.report_type,\n              pr.description,\n              pr.s","service":"buildxpert-api","timestamp":"2025-11-11 20:18:29"}
{"attempts":1,"code":"42703","failureCategory":"logic","level":"error","message":"column urp.report_type does not exist","paramsCount":1,"queryPreview":"\n            SELECT \n              urp.id, \n              urp.report_type, \n              urp.description, \n            ","service":"buildxpert-api","timestamp":"2025-11-11 20:18:30"}
{"attempts":1,"code":"42703","failureCategory":"logic","level":"error","message":"column pr.report_type does not exist","paramsCount":1,"queryPreview":"\n            SELECT \n              pr.id,\n              pr.report_type,\n              pr.description,\n              pr.s","service":"buildxpert-api","timestamp":"2025-11-11 20:18:30"}
{"attempts":1,"code":"42703","failureCategory":"logic","level":"error","message":"column urp.report_type does not exist","paramsCount":0,"queryPreview":"\n            SELECT \n              urp.id, \n              urp.report_type, \n              urp.description, \n            ","service":"buildxpert-api","timestamp":"2025-11-11 20:18:32"}
{"attempts":1,"code":"42703","failureCategory":"logic","level":"error","message":"column pr.report_type does not exist","paramsCount":0,"queryPreview":"\n            SELECT \n              pr.id,\n              pr.report_type,\n              pr.description,\n              pr.s","service":"buildxpert-api","timestamp":"2025-11-11 20:18:33"}
{"attempts":1,"code":"42703","failureCategory":"logic","level":"error","message":"column urp.report_type does not exist","paramsCount":0,"queryPreview":"\n            SELECT \n              urp.id, \n              urp.report_type, \n              urp.description, \n            ","service":"buildxpert-api","timestamp":"2025-11-11 20:27:05"}
{"attempts":1,"code":"42703","failureCategory":"logic","level":"error","message":"column pr.report_type does not exist","paramsCount":0,"queryPreview":"\n            SELECT \n              pr.id,\n              pr.report_type,\n              pr.description,\n              pr.s","service":"buildxpert-api","timestamp":"2025-11-11 20:27:05"}
{"attempts":1,"code":"42703","failureCategory":"logic","level":"error","message":"column urp.report_type does not exist","paramsCount":0,"queryPreview":"\n            SELECT \n              urp.id, \n              urp.report_type, \n              urp.description, \n            ","service":"buildxpert-api","timestamp":"2025-11-11 20:32:50"}
{"attempts":1,"code":"42703","failureCategory":"logic","level":"error","message":"column pr.report_type does not exist","paramsCount":0,"queryPreview":"\n            SELECT \n              pr.id,\n              pr.report_type,\n              pr.description,\n              pr.s","service":"buildxpert-api","timestamp":"2025-11-11 20:32:50"}
{"attempts":1,"code":"42703","failureCategory":"logic","level":"error","message":"column pr.report_type does not exist","paramsCount":0,"queryPreview":"\n            SELECT \n              pr.id,\n              pr.report_type,\n              pr.description,\n              pr.s","service":"buildxpert-api","timestamp":"2025-11-11 20:32:51"}
{"attempts":1,"code":"42703","failureCategory":"logic","level":"error","message":"column urp.report_type does not exist","paramsCount":1,"queryPreview":"\n            SELECT \n              urp.id, \n              urp.report_type, \n              urp.description, \n            ","service":"buildxpert-api","timestamp":"2025-11-11 20:32:57"}
{"attempts":1,"code":"42703","failureCategory":"logic","level":"error","message":"column pr.report_type does not exist","paramsCount":1,"queryPreview":"\n            SELECT \n              pr.id,\n              pr.report_type,\n              pr.description,\n              pr.s","service":"buildxpert-api","timestamp":"2025-11-11 20:32:57"}
{"attempts":1,"code":"42703","failureCategory":"logic","level":"error","message":"column urp.report_type does not exist","paramsCount":1,"queryPreview":"\n            SELECT \n              urp.id, \n              urp.report_type, \n              urp.description, \n            ","service":"buildxpert-api","timestamp":"2025-11-11 20:32:59"}
{"attempts":1,"code":"42703","failureCategory":"logic","level":"error","message":"column pr.report_type does not exist","paramsCount":1,"queryPreview":"\n            SELECT \n              pr.id,\n              pr.report_type,\n              pr.description,\n              pr.s","service":"buildxpert-api","timestamp":"2025-11-11 20:32:59"}
{"attempts":1,"code":"42703","failureCategory":"logic","level":"error","message":"column pr.report_type does not exist","paramsCount":1,"queryPreview":"\n            SELECT \n              pr.id,\n              pr.report_type,\n              pr.description,\n              pr.s","service":"buildxpert-api","timestamp":"2025-11-11 20:32:59"}
{"attempts":1,"code":"42703","failureCategory":"logic","level":"error","message":"column urp.report_type does not exist","paramsCount":1,"queryPreview":"\n            SELECT \n              urp.id, \n              urp.report_type, \n              urp.description, \n            ","service":"buildxpert-api","timestamp":"2025-11-11 20:32:59"}
{"attempts":1,"code":"42703","failureCategory":"logic","level":"error","message":"column pr.report_type does not exist","paramsCount":1,"queryPreview":"\n            SELECT \n              pr.id,\n              pr.report_type,\n              pr.description,\n              pr.s","service":"buildxpert-api","timestamp":"2025-11-11 20:33:00"}
{"attempts":1,"code":"42703","failureCategory":"logic","level":"error","message":"column pr.report_type does not exist","paramsCount":1,"queryPreview":"\n            SELECT \n              pr.id,\n              pr.report_type,\n              pr.description,\n              pr.s","service":"buildxpert-api","timestamp":"2025-11-11 20:33:02"}
{"attempts":1,"code":"42703","failureCategory":"logic","level":"error","message":"column urp.report_type does not exist","paramsCount":1,"queryPreview":"\n            SELECT \n              urp.id, \n              urp.report_type, \n              urp.description, \n            ","service":"buildxpert-api","timestamp":"2025-11-11 20:33:03"}
{"attempts":1,"code":"42703","failureCategory":"logic","level":"error","message":"column pr.report_type does not exist","paramsCount":1,"queryPreview":"\n            SELECT \n              pr.id,\n              pr.report_type,\n              pr.description,\n              pr.s","service":"buildxpert-api","timestamp":"2025-11-11 20:33:03"}
{"attempts":1,"code":"42703","failureCategory":"logic","level":"error","message":"column pr.report_type does not exist","paramsCount":1,"queryPreview":"\n            SELECT \n              pr.id,\n              pr.report_type,\n              pr.description,\n              pr.s","service":"buildxpert-api","timestamp":"2025-11-11 20:33:04"}
{"attempts":1,"code":"42703","failureCategory":"logic","level":"error","message":"column pr.report_type does not exist","paramsCount":1,"queryPreview":"\n            SELECT \n              pr.id,\n              pr.report_type,\n              pr.description,\n              pr.s","service":"buildxpert-api","timestamp":"2025-11-11 20:33:06"}
{"attempts":1,"code":"42703","failureCategory":"logic","level":"error","message":"column urp.report_type does not exist","paramsCount":0,"queryPreview":"\n            SELECT \n              urp.id, \n              urp.report_type, \n              urp.description, \n            ","service":"buildxpert-api","timestamp":"2025-11-11 20:39:29"}
{"attempts":1,"code":"42703","failureCategory":"logic","level":"error","message":"column pr.report_type does not exist","paramsCount":0,"queryPreview":"\n            SELECT \n              pr.id,\n              pr.report_type,\n              pr.description,\n              pr.s","service":"buildxpert-api","timestamp":"2025-11-11 20:39:30"}
{"attempts":1,"code":"42703","failureCategory":"logic","level":"error","message":"column pr.report_type does not exist","paramsCount":0,"queryPreview":"\n            SELECT \n              pr.id,\n              pr.report_type,\n              pr.description,\n              pr.s","service":"buildxpert-api","timestamp":"2025-11-11 20:39:30"}
{"attempts":1,"code":"42703","failureCategory":"logic","level":"error","message":"column urp.report_type does not exist","paramsCount":1,"queryPreview":"\n            SELECT \n              urp.id, \n              urp.report_type, \n              urp.description, \n            ","service":"buildxpert-api","timestamp":"2025-11-11 20:39:35"}
{"attempts":1,"code":"42703","failureCategory":"logic","level":"error","message":"column pr.report_type does not exist","paramsCount":1,"queryPreview":"\n            SELECT \n              pr.id,\n              pr.report_type,\n              pr.description,\n              pr.s","service":"buildxpert-api","timestamp":"2025-11-11 20:39:36"}
{"attempts":1,"code":"42703","failureCategory":"logic","level":"error","message":"column urp.report_type does not exist","paramsCount":1,"queryPreview":"\n            SELECT \n              urp.id, \n              urp.report_type, \n              urp.description, \n            ","service":"buildxpert-api","timestamp":"2025-11-11 20:39:37"}
{"attempts":1,"code":"42703","failureCategory":"logic","level":"error","message":"column pr.report_type does not exist","paramsCount":1,"queryPreview":"\n            SELECT \n              pr.id,\n              pr.report_type,\n              pr.description,\n              pr.s","service":"buildxpert-api","timestamp":"2025-11-11 20:39:37"}
{"attempts":1,"code":"42703","failureCategory":"logic","level":"error","message":"column pr.report_type does not exist","paramsCount":1,"queryPreview":"\n            SELECT \n              pr.id,\n              pr.report_type,\n              pr.description,\n              pr.s","service":"buildxpert-api","timestamp":"2025-11-11 20:39:38"}
{"attempts":1,"code":"42703","failureCategory":"logic","level":"error","message":"column pr.report_type does not exist","paramsCount":1,"queryPreview":"\n            SELECT \n              pr.id,\n              pr.report_type,\n              pr.description,\n              pr.s","service":"buildxpert-api","timestamp":"2025-11-11 20:39:39"}
